<?xml version="1.0" encoding="UTF-8"?>
<testsuite xmlns:xsi="http://www.w3.org/2001/XMLSchema-instance" xsi:noNamespaceSchemaLocation="https://maven.apache.org/surefire/maven-surefire-plugin/xsd/surefire-test-report.xsd" version="3.0.2" name="com.mindmeld.assistant.MindMeldAssistantApplicationTests" time="9.062" tests="1" errors="0" skipped="0" failures="0">
  <properties>
[...]
</properties>
  <testcase name="contextLoads" classname="com.mindmeld.assistant.MindMeldAssistantApplicationTests" time="0.731">
    <system-out><![CDATA[10:52:31.700 [main] INFO org.springframework.test.context.support.AnnotationConfigContextLoaderUtils -- Could not detect default configuration classes for test class [com.mindmeld.assistant.MindMeldAssistantApplicationTests]: MindMeldAssistantApplicationTests does not declare any static, non-private, non-final, nested classes annotated with @Configuration.
10:52:31.847 [main] INFO org.springframework.boot.test.context.SpringBootTestContextBootstrapper -- Found @SpringBootConfiguration com.mindmeld.assistant.MindMeldAssistantApplication for test class com.mindmeld.assistant.MindMeldAssistantApplicationTests

  .   ____          _            __ _ _
 /\\ / ___'_ __ _ _(_)_ __  __ _ \ \ \ \
( ( )\___ | '_ | '_| | '_ \/ _` | \ \ \ \
 \\/  ___)| |_)| | | | | || (_| |  ) ) ) )
  '  |____| .__|_| |_|_| |_\__, | / / / /
 =========|_|==============|___/=/_/_/_/

 :: Spring Boot ::                (v3.4.3)

2025-03-20T10:52:33.929+05:30  INFO 30536 --- [MindMeldAssistant] [           main] c.m.a.MindMeldAssistantApplicationTests  : Starting MindMeldAssistantApplicationTests using Java 23.0.1 with PID 30536 (started by Ashwin Yadav in E:\Coding And Programming\Java Project\assistant)
2025-03-20T10:52:33.931+05:30 DEBUG 30536 --- [MindMeldAssistant] [           main] c.m.a.MindMeldAssistantApplicationTests  : Running with Spring Boot v3.4.3, Spring v6.2.3
2025-03-20T10:52:33.933+05:30  INFO 30536 --- [MindMeldAssistant] [           main] c.m.a.MindMeldAssistantApplicationTests  : No active profile set, falling back to 1 default profile: "default"
2025-03-20T10:52:33.934+05:30 DEBUG 30536 --- [MindMeldAssistant] [           main] o.s.boot.SpringApplication               : Loading source class com.mindmeld.assistant.MindMeldAssistantApplication
2025-03-20T10:52:33.981+05:30 TRACE 30536 --- [MindMeldAssistant] [           main] o.s.w.c.s.GenericWebApplicationContext   : Refreshing org.springframework.web.context.support.GenericWebApplicationContext@4e7095ac, started on Thu Mar 20 10:52:33 IST 2025
2025-03-20T10:52:34.003+05:30 DEBUG 30536 --- [MindMeldAssistant] [           main] o.s.b.f.s.DefaultListableBeanFactory     : Creating shared instance of singleton bean 'org.springframework.context.annotation.internalConfigurationAnnotationProcessor'
2025-03-20T10:52:34.020+05:30 DEBUG 30536 --- [MindMeldAssistant] [           main] o.s.b.f.s.DefaultListableBeanFactory     : Creating shared instance of singleton bean 'org.springframework.boot.autoconfigure.internalCachingMetadataReaderFactory'
2025-03-20T10:52:34.063+05:30 DEBUG 30536 --- [MindMeldAssistant] [           main] o.s.c.a.ClassPathBeanDefinitionScanner   : Identified candidate component class: file [E:\Coding And Programming\Java Project\assistant\target\classes\com\mindmeld\assistant\config\RestTemplateConfig.class]
2025-03-20T10:52:34.082+05:30 DEBUG 30536 --- [MindMeldAssistant] [           main] o.s.c.a.ClassPathBeanDefinitionScanner   : Identified candidate component class: file [E:\Coding And Programming\Java Project\assistant\target\classes\com\mindmeld\assistant\config\SecurityConfig.class]
2025-03-20T10:52:34.102+05:30 DEBUG 30536 --- [MindMeldAssistant] [           main] o.s.c.a.ClassPathBeanDefinitionScanner   : Identified candidate component class: file [E:\Coding And Programming\Java Project\assistant\target\classes\com\mindmeld\assistant\controller\AuthController.class]
2025-03-20T10:52:34.105+05:30 DEBUG 30536 --- [MindMeldAssistant] [           main] o.s.c.a.ClassPathBeanDefinitionScanner   : Identified candidate component class: file [E:\Coding And Programming\Java Project\assistant\target\classes\com\mindmeld\assistant\controller\ChatController.class]
2025-03-20T10:52:34.120+05:30 DEBUG 30536 --- [MindMeldAssistant] [           main] o.s.c.a.ClassPathBeanDefinitionScanner   : Identified candidate component class: file [E:\Coding And Programming\Java Project\assistant\target\classes\com\mindmeld\assistant\service\GeminiService.class]
2025-03-20T10:52:34.122+05:30 DEBUG 30536 --- [MindMeldAssistant] [           main] o.s.c.a.ClassPathBeanDefinitionScanner   : Identified candidate component class: file [E:\Coding And Programming\Java Project\assistant\target\classes\com\mindmeld\assistant\service\HuggingFaceService.class]
2025-03-20T10:52:34.124+05:30 DEBUG 30536 --- [MindMeldAssistant] [           main] o.s.c.a.ClassPathBeanDefinitionScanner   : Identified candidate component class: file [E:\Coding And Programming\Java Project\assistant\target\classes\com\mindmeld\assistant\service\SpotifyService.class]
2025-03-20T10:52:34.936+05:30  INFO 30536 --- [MindMeldAssistant] [           main] .s.d.r.c.RepositoryConfigurationDelegate : Bootstrapping Spring Data JPA repositories in DEFAULT mode.
2025-03-20T10:52:34.946+05:30 DEBUG 30536 --- [MindMeldAssistant] [           main] o.s.b.f.s.DefaultListableBeanFactory     : Creating shared instance of singleton bean 'org.springframework.boot.autoconfigure.AutoConfigurationPackages'
2025-03-20T10:52:34.955+05:30 DEBUG 30536 --- [MindMeldAssistant] [           main] o.s.b.a.AutoConfigurationPackages        : @EnableAutoConfiguration was declared on a class in the package 'com.mindmeld.assistant'. Automatic @Repository and @Entity scanning is enabled.
2025-03-20T10:52:34.956+05:30 DEBUG 30536 --- [MindMeldAssistant] [           main] .s.d.r.c.RepositoryConfigurationDelegate : Scanning for JPA repositories in packages com.mindmeld.assistant.
2025-03-20T10:52:34.969+05:30 DEBUG 30536 --- [MindMeldAssistant] [           main] o.s.d.r.c.RepositoryComponentProvider    : Identified candidate component class: file [E:\Coding And Programming\Java Project\assistant\target\classes\com\mindmeld\assistant\repository\ChatLogRepository.class]
2025-03-20T10:52:34.970+05:30 DEBUG 30536 --- [MindMeldAssistant] [           main] o.s.d.r.c.RepositoryComponentProvider    : Identified candidate component class: file [E:\Coding And Programming\Java Project\assistant\target\classes\com\mindmeld\assistant\repository\UserRepository.class]
2025-03-20T10:52:35.010+05:30  INFO 30536 --- [MindMeldAssistant] [           main] .s.d.r.c.RepositoryConfigurationDelegate : Finished Spring Data repository scanning in 51 ms. Found 2 JPA repository interfaces.
2025-03-20T10:52:35.146+05:30 DEBUG 30536 --- [MindMeldAssistant] [           main] o.s.b.f.s.DefaultListableBeanFactory     : Creating shared instance of singleton bean 'springSecurityHandlerMappingIntrospectorBeanDefinitionRegistryPostProcessor'
2025-03-20T10:52:35.242+05:30 DEBUG 30536 --- [MindMeldAssistant] [           main] o.s.b.f.s.DefaultListableBeanFactory     : Creating shared instance of singleton bean 'propertySourcesPlaceholderConfigurer'
2025-03-20T10:52:35.247+05:30 DEBUG 30536 --- [MindMeldAssistant] [           main] o.s.b.f.s.DefaultListableBeanFactory     : Creating shared instance of singleton bean 'org.springframework.boot.test.mock.mockito.MockitoPostProcessor'
2025-03-20T10:52:35.247+05:30 DEBUG 30536 --- [MindMeldAssistant] [           main] o.s.b.f.s.DefaultListableBeanFactory     : Creating shared instance of singleton bean 'emBeanDefinitionRegistrarPostProcessor'
2025-03-20T10:52:35.247+05:30 DEBUG 30536 --- [MindMeldAssistant] [           main] o.s.b.f.s.DefaultListableBeanFactory     : Creating shared instance of singleton bean 'org.springframework.boot.sql.init.dependency.DatabaseInitializationDependencyConfigurer$DependsOnDatabaseInitializationPostProcessor'
2025-03-20T10:52:35.299+05:30 DEBUG 30536 --- [MindMeldAssistant] [           main] o.s.b.f.s.DefaultListableBeanFactory     : Creating shared instance of singleton bean 'org.springframework.context.event.internalEventListenerProcessor'
2025-03-20T10:52:35.300+05:30 DEBUG 30536 --- [MindMeldAssistant] [           main] o.s.b.f.s.DefaultListableBeanFactory     : Creating shared instance of singleton bean 'conversionServicePostProcessor'
2025-03-20T10:52:35.300+05:30 DEBUG 30536 --- [MindMeldAssistant] [           main] o.s.b.f.s.DefaultListableBeanFactory     : Creating shared instance of singleton bean 'preserveErrorControllerTargetClassPostProcessor'
2025-03-20T10:52:35.300+05:30 DEBUG 30536 --- [MindMeldAssistant] [           main] o.s.b.f.s.DefaultListableBeanFactory     : Creating shared instance of singleton bean 'org.springframework.context.event.internalEventListenerFactory'
2025-03-20T10:52:35.310+05:30 DEBUG 30536 --- [MindMeldAssistant] [           main] o.s.b.f.s.DefaultListableBeanFactory     : Creating shared instance of singleton bean 'org.springframework.transaction.config.internalTransactionalEventListenerFactory'
2025-03-20T10:52:35.312+05:30 DEBUG 30536 --- [MindMeldAssistant] [           main] o.s.b.f.s.DefaultListableBeanFactory     : Creating shared instance of singleton bean 'org.springframework.boot.test.mock.mockito.MockitoPostProcessor$SpyPostProcessor'
2025-03-20T10:52:35.312+05:30 DEBUG 30536 --- [MindMeldAssistant] [           main] o.s.b.f.s.DefaultListableBeanFactory     : Creating shared instance of singleton bean 'org.springframework.context.annotation.internalAutowiredAnnotationProcessor'
2025-03-20T10:52:35.312+05:30 DEBUG 30536 --- [MindMeldAssistant] [           main] o.s.b.f.s.DefaultListableBeanFactory     : Creating shared instance of singleton bean 'org.springframework.context.annotation.internalCommonAnnotationProcessor'
2025-03-20T10:52:35.312+05:30 DEBUG 30536 --- [MindMeldAssistant] [           main] o.s.b.f.s.DefaultListableBeanFactory     : Creating shared instance of singleton bean 'org.springframework.context.annotation.internalPersistenceAnnotationProcessor'
2025-03-20T10:52:35.312+05:30 DEBUG 30536 --- [MindMeldAssistant] [           main] o.s.b.f.s.DefaultListableBeanFactory     : Creating shared instance of singleton bean 'org.springframework.boot.context.properties.ConfigurationPropertiesBindingPostProcessor'
2025-03-20T10:52:35.312+05:30 DEBUG 30536 --- [MindMeldAssistant] [           main] o.s.b.f.s.DefaultListableBeanFactory     : Creating shared instance of singleton bean 'org.springframework.boot.context.internalConfigurationPropertiesBinder'
2025-03-20T10:52:35.312+05:30 DEBUG 30536 --- [MindMeldAssistant] [           main] o.s.b.f.s.DefaultListableBeanFactory     : Creating shared instance of singleton bean 'jdbcConnectionDetailsHikariBeanPostProcessor'
2025-03-20T10:52:35.327+05:30 DEBUG 30536 --- [MindMeldAssistant] [           main] o.s.b.f.s.DefaultListableBeanFactory     : Creating shared instance of singleton bean 'org.springframework.aop.config.internalAutoProxyCreator'
2025-03-20T10:52:35.352+05:30 DEBUG 30536 --- [MindMeldAssistant] [           main] o.s.b.f.s.DefaultListableBeanFactory     : Creating shared instance of singleton bean 'persistenceExceptionTranslationPostProcessor'
2025-03-20T10:52:35.354+05:30 DEBUG 30536 --- [MindMeldAssistant] [           main] o.s.b.f.s.DefaultListableBeanFactory     : Autowiring by type from bean name 'persistenceExceptionTranslationPostProcessor' via factory method to bean named 'environment'
2025-03-20T10:52:35.360+05:30 DEBUG 30536 --- [MindMeldAssistant] [           main] o.s.b.f.s.DefaultListableBeanFactory     : Creating shared instance of singleton bean 'webServerFactoryCustomizerBeanPostProcessor'
2025-03-20T10:52:35.361+05:30 DEBUG 30536 --- [MindMeldAssistant] [           main] o.s.b.f.s.DefaultListableBeanFactory     : Creating shared instance of singleton bean 'errorPageRegistrarBeanPostProcessor'
2025-03-20T10:52:35.362+05:30 DEBUG 30536 --- [MindMeldAssistant] [           main] o.s.b.f.s.DefaultListableBeanFactory     : Creating shared instance of singleton bean 'projectingArgumentResolverBeanPostProcessor'
2025-03-20T10:52:35.364+05:30 DEBUG 30536 --- [MindMeldAssistant] [           main] o.s.b.f.s.DefaultListableBeanFactory     : Creating shared instance of singleton bean 'org.springframework.transaction.config.internalTransactionAdvisor'
2025-03-20T10:52:35.364+05:30 DEBUG 30536 --- [MindMeldAssistant] [           main] o.s.b.f.s.DefaultListableBeanFactory     : Creating shared instance of singleton bean 'org.springframework.transaction.annotation.ProxyTransactionManagementConfiguration'
2025-03-20T10:52:35.403+05:30 DEBUG 30536 --- [MindMeldAssistant] [           main] o.s.b.f.s.DefaultListableBeanFactory     : Creating shared instance of singleton bean 'transactionAttributeSource'
2025-03-20T10:52:35.403+05:30 DEBUG 30536 --- [MindMeldAssistant] [           main] o.s.b.f.s.DefaultListableBeanFactory     : Creating shared instance of singleton bean 'transactionInterceptor'
2025-03-20T10:52:35.403+05:30 DEBUG 30536 --- [MindMeldAssistant] [           main] o.s.b.f.s.DefaultListableBeanFactory     : Autowiring by type from bean name 'transactionInterceptor' via factory method to bean named 'transactionAttributeSource'
2025-03-20T10:52:35.414+05:30 DEBUG 30536 --- [MindMeldAssistant] [           main] o.s.b.f.s.DefaultListableBeanFactory     : Autowiring by type from bean name 'org.springframework.transaction.config.internalTransactionAdvisor' via factory method to bean named 'transactionAttributeSource'
2025-03-20T10:52:35.415+05:30 DEBUG 30536 --- [MindMeldAssistant] [           main] o.s.b.f.s.DefaultListableBeanFactory     : Autowiring by type from bean name 'org.springframework.transaction.config.internalTransactionAdvisor' via factory method to bean named 'transactionInterceptor'
2025-03-20T10:52:35.459+05:30 TRACE 30536 --- [MindMeldAssistant] [           main] o.s.w.c.s.GenericWebApplicationContext   : No 'messageSource' bean, using [Empty MessageSource]
2025-03-20T10:52:35.460+05:30 TRACE 30536 --- [MindMeldAssistant] [           main] o.s.w.c.s.GenericWebApplicationContext   : No 'applicationEventMulticaster' bean, using [SimpleApplicationEventMulticaster]
2025-03-20T10:52:35.462+05:30 DEBUG 30536 --- [MindMeldAssistant] [           main] o.s.u.c.s.UiApplicationContextUtils      : Unable to locate ThemeSource with name 'themeSource': using default [org.springframework.ui.context.support.ResourceBundleThemeSource@6d229b1c]
2025-03-20T10:52:35.464+05:30 DEBUG 30536 --- [MindMeldAssistant] [           main] o.s.b.f.s.DefaultListableBeanFactory     : Creating shared instance of singleton bean 'org.springframework.test.context.support.internalDynamicPropertyRegistrarBeanInitializer'
2025-03-20T10:52:35.467+05:30 DEBUG 30536 --- [MindMeldAssistant] [           main] o.s.b.f.s.DefaultListableBeanFactory     : Creating shared instance of singleton bean 'dataSourceScriptDatabaseInitializer'
2025-03-20T10:52:35.468+05:30 DEBUG 30536 --- [MindMeldAssistant] [           main] o.s.b.f.s.DefaultListableBeanFactory     : Creating shared instance of singleton bean 'org.springframework.boot.autoconfigure.sql.init.DataSourceInitializationConfiguration'
2025-03-20T10:52:35.469+05:30 DEBUG 30536 --- [MindMeldAssistant] [           main] o.s.b.f.s.DefaultListableBeanFactory     : Creating shared instance of singleton bean 'dataSource'
2025-03-20T10:52:35.469+05:30 DEBUG 30536 --- [MindMeldAssistant] [           main] o.s.b.f.s.DefaultListableBeanFactory     : Creating shared instance of singleton bean 'org.springframework.boot.autoconfigure.jdbc.DataSourceConfiguration$Hikari'
2025-03-20T10:52:35.470+05:30 DEBUG 30536 --- [MindMeldAssistant] [           main] o.s.b.f.s.DefaultListableBeanFactory     : Creating shared instance of singleton bean 'spring.datasource-org.springframework.boot.autoconfigure.jdbc.DataSourceProperties'
2025-03-20T10:52:35.471+05:30 DEBUG 30536 --- [MindMeldAssistant] [           main] o.s.b.f.s.DefaultListableBeanFactory     : Creating shared instance of singleton bean 'org.springframework.boot.context.properties.BoundConfigurationProperties'
2025-03-20T10:52:35.498+05:30 DEBUG 30536 --- [MindMeldAssistant] [           main] o.s.b.f.s.DefaultListableBeanFactory     : Creating shared instance of singleton bean 'jdbcConnectionDetails'
2025-03-20T10:52:35.498+05:30 DEBUG 30536 --- [MindMeldAssistant] [           main] o.s.b.f.s.DefaultListableBeanFactory     : Creating shared instance of singleton bean 'org.springframework.boot.autoconfigure.jdbc.DataSourceAutoConfiguration$PooledDataSourceConfiguration'
2025-03-20T10:52:35.498+05:30 DEBUG 30536 --- [MindMeldAssistant] [           main] o.s.b.f.s.DefaultListableBeanFactory     : Autowiring by type from bean name 'jdbcConnectionDetails' via factory method to bean named 'spring.datasource-org.springframework.boot.autoconfigure.jdbc.DataSourceProperties'
2025-03-20T10:52:35.498+05:30 DEBUG 30536 --- [MindMeldAssistant] [           main] o.s.b.f.s.DefaultListableBeanFactory     : Autowiring by type from bean name 'dataSource' via factory method to bean named 'spring.datasource-org.springframework.boot.autoconfigure.jdbc.DataSourceProperties'
2025-03-20T10:52:35.498+05:30 DEBUG 30536 --- [MindMeldAssistant] [           main] o.s.b.f.s.DefaultListableBeanFactory     : Autowiring by type from bean name 'dataSource' via factory method to bean named 'jdbcConnectionDetails'
2025-03-20T10:52:35.511+05:30 DEBUG 30536 --- [MindMeldAssistant] [           main] com.zaxxer.hikari.HikariConfig           : Driver class com.mysql.cj.jdbc.Driver found in Thread context class loader jdk.internal.loader.ClassLoaders$AppClassLoader@70dea4e
2025-03-20T10:52:35.542+05:30 DEBUG 30536 --- [MindMeldAssistant] [           main] o.s.b.f.s.DefaultListableBeanFactory     : Creating shared instance of singleton bean 'spring.sql.init-org.springframework.boot.autoconfigure.sql.init.SqlInitializationProperties'
2025-03-20T10:52:35.544+05:30 DEBUG 30536 --- [MindMeldAssistant] [           main] o.s.b.f.s.DefaultListableBeanFactory     : Autowiring by type from bean name 'dataSourceScriptDatabaseInitializer' via factory method to bean named 'dataSource'
2025-03-20T10:52:35.544+05:30 DEBUG 30536 --- [MindMeldAssistant] [           main] o.s.b.f.s.DefaultListableBeanFactory     : Autowiring by type from bean name 'dataSourceScriptDatabaseInitializer' via factory method to bean named 'spring.sql.init-org.springframework.boot.autoconfigure.sql.init.SqlInitializationProperties'
2025-03-20T10:52:35.544+05:30 DEBUG 30536 --- [MindMeldAssistant] [           main] o.s.b.f.s.DefaultListableBeanFactory     : Creating shared instance of singleton bean 'entityManagerFactory'
2025-03-20T10:52:35.544+05:30 DEBUG 30536 --- [MindMeldAssistant] [           main] o.s.b.f.s.DefaultListableBeanFactory     : Creating shared instance of singleton bean 'org.springframework.boot.autoconfigure.orm.jpa.HibernateJpaConfiguration'
2025-03-20T10:52:35.544+05:30 DEBUG 30536 --- [MindMeldAssistant] [           main] o.s.b.f.s.DefaultListableBeanFactory     : Creating shared instance of singleton bean 'spring.jpa-org.springframework.boot.autoconfigure.orm.jpa.JpaProperties'
2025-03-20T10:52:35.561+05:30 DEBUG 30536 --- [MindMeldAssistant] [           main] o.s.b.f.s.DefaultListableBeanFactory     : Creating shared instance of singleton bean 'spring.jpa.hibernate-org.springframework.boot.autoconfigure.orm.jpa.HibernateProperties'
2025-03-20T10:52:35.563+05:30 DEBUG 30536 --- [MindMeldAssistant] [           main] o.s.b.f.s.DefaultListableBeanFactory     : Autowiring by type from bean name 'org.springframework.boot.autoconfigure.orm.jpa.HibernateJpaConfiguration' via constructor to bean named 'dataSource'
2025-03-20T10:52:35.563+05:30 DEBUG 30536 --- [MindMeldAssistant] [           main] o.s.b.f.s.DefaultListableBeanFactory     : Autowiring by type from bean name 'org.springframework.boot.autoconfigure.orm.jpa.HibernateJpaConfiguration' via constructor to bean named 'spring.jpa-org.springframework.boot.autoconfigure.orm.jpa.JpaProperties'
2025-03-20T10:52:35.563+05:30 DEBUG 30536 --- [MindMeldAssistant] [           main] o.s.b.f.s.DefaultListableBeanFactory     : Autowiring by type from bean name 'org.springframework.boot.autoconfigure.orm.jpa.HibernateJpaConfiguration' via constructor to bean named 'org.springframework.beans.factory.support.DefaultListableBeanFactory@77128dab'
2025-03-20T10:52:35.563+05:30 DEBUG 30536 --- [MindMeldAssistant] [           main] o.s.b.f.s.DefaultListableBeanFactory     : Autowiring by type from bean name 'org.springframework.boot.autoconfigure.orm.jpa.HibernateJpaConfiguration' via constructor to bean named 'spring.jpa.hibernate-org.springframework.boot.autoconfigure.orm.jpa.HibernateProperties'
2025-03-20T10:52:35.568+05:30 DEBUG 30536 --- [MindMeldAssistant] [           main] o.s.b.f.s.DefaultListableBeanFactory     : Creating shared instance of singleton bean 'hikariPoolDataSourceMetadataProvider'
2025-03-20T10:52:35.568+05:30 DEBUG 30536 --- [MindMeldAssistant] [           main] o.s.b.f.s.DefaultListableBeanFactory     : Creating shared instance of singleton bean 'org.springframework.boot.autoconfigure.jdbc.metadata.DataSourcePoolMetadataProvidersConfiguration$HikariPoolDataSourceMetadataProviderConfiguration'
2025-03-20T10:52:35.577+05:30 DEBUG 30536 --- [MindMeldAssistant] [           main] o.s.b.f.s.DefaultListableBeanFactory     : Creating shared instance of singleton bean 'entityManagerFactoryBuilder'
2025-03-20T10:52:35.578+05:30 DEBUG 30536 --- [MindMeldAssistant] [           main] o.s.b.f.s.DefaultListableBeanFactory     : Creating shared instance of singleton bean 'jpaVendorAdapter'
2025-03-20T10:52:35.602+05:30 DEBUG 30536 --- [MindMeldAssistant] [           main] org.jboss.logging                        : Logging Provider: org.jboss.logging.Slf4jLoggerProvider found via system property
2025-03-20T10:52:35.612+05:30 DEBUG 30536 --- [MindMeldAssistant] [           main] o.s.b.f.s.DefaultListableBeanFactory     : Autowiring by type from bean name 'entityManagerFactoryBuilder' via factory method to bean named 'jpaVendorAdapter'
2025-03-20T10:52:35.627+05:30 DEBUG 30536 --- [MindMeldAssistant] [           main] o.s.b.f.s.DefaultListableBeanFactory     : Creating shared instance of singleton bean 'persistenceManagedTypes'
2025-03-20T10:52:35.630+05:30 DEBUG 30536 --- [MindMeldAssistant] [           main] o.s.b.f.s.DefaultListableBeanFactory     : Autowiring by type from bean name 'persistenceManagedTypes' via factory method to bean named 'org.springframework.beans.factory.support.DefaultListableBeanFactory@77128dab'
2025-03-20T10:52:35.631+05:30 DEBUG 30536 --- [MindMeldAssistant] [           main] o.s.b.f.s.DefaultListableBeanFactory     : Autowiring by type from bean name 'persistenceManagedTypes' via factory method to bean named 'org.springframework.web.context.support.GenericWebApplicationContext@4e7095ac'
2025-03-20T10:52:35.644+05:30 DEBUG 30536 --- [MindMeldAssistant] [           main] o.s.b.f.s.DefaultListableBeanFactory     : Autowiring by type from bean name 'entityManagerFactory' via factory method to bean named 'entityManagerFactoryBuilder'
2025-03-20T10:52:35.644+05:30 DEBUG 30536 --- [MindMeldAssistant] [           main] o.s.b.f.s.DefaultListableBeanFactory     : Autowiring by type from bean name 'entityManagerFactory' via factory method to bean named 'persistenceManagedTypes'
2025-03-20T10:52:35.660+05:30 DEBUG 30536 --- [MindMeldAssistant] [           main] j.LocalContainerEntityManagerFactoryBean : Building JPA container EntityManagerFactory for persistence unit 'default'
2025-03-20T10:52:35.700+05:30 DEBUG 30536 --- [MindMeldAssistant] [           main] o.hibernate.jpa.internal.util.LogHelper  : PersistenceUnitInfo [
	name: default
	persistence provider classname: null
	classloader: jdk.internal.loader.ClassLoaders$AppClassLoader@70dea4e
	excludeUnlistedClasses: true
	JTA datasource: null
	Non JTA datasource: HikariDataSource (null)
	Transaction type: RESOURCE_LOCAL
	PU root URL: file:/E:/Coding%20And%20Programming/Java%20Project/assistant/target/test-classes/
	Shared Cache Mode: UNSPECIFIED
	Validation Mode: AUTO
	Jar files URLs []
	Managed classes names [
		com.mindmeld.assistant.entity.ChatLog
		com.mindmeld.assistant.entity.User]
	Mapping files names []
	Properties []
2025-03-20T10:52:35.712+05:30 DEBUG 30536 --- [MindMeldAssistant] [           main] o.h.i.internal.IntegratorServiceImpl     : Adding Integrator [org.hibernate.boot.beanvalidation.BeanValidationIntegrator].
2025-03-20T10:52:35.712+05:30 DEBUG 30536 --- [MindMeldAssistant] [           main] o.h.i.internal.IntegratorServiceImpl     : Adding Integrator [org.hibernate.cache.internal.CollectionCacheInvalidator].
2025-03-20T10:52:35.816+05:30  INFO 30536 --- [MindMeldAssistant] [           main] org.hibernate.Version                    : HHH000412: Hibernate ORM core version 6.6.8.Final
2025-03-20T10:52:35.818+05:30 DEBUG 30536 --- [MindMeldAssistant] [           main] org.hibernate.cfg.Environment            : HHH000206: 'hibernate.properties' not found
2025-03-20T10:52:35.882+05:30 DEBUG 30536 --- [MindMeldAssistant] [           main] org.hibernate.orm.idgen.factory          : Registering IdentifierGenerator strategy [uuid2] -> [org.hibernate.id.UUIDGenerator]
2025-03-20T10:52:35.883+05:30 DEBUG 30536 --- [MindMeldAssistant] [           main] org.hibernate.orm.idgen.factory          : Registering IdentifierGenerator strategy [guid] -> [org.hibernate.id.GUIDGenerator]
2025-03-20T10:52:35.884+05:30 DEBUG 30536 --- [MindMeldAssistant] [           main] org.hibernate.orm.idgen.factory          : Registering IdentifierGenerator strategy [uuid] -> [org.hibernate.id.UUIDHexGenerator]
2025-03-20T10:52:35.884+05:30 DEBUG 30536 --- [MindMeldAssistant] [           main] org.hibernate.orm.idgen.factory          : Registering IdentifierGenerator strategy [uuid.hex] -> [org.hibernate.id.UUIDHexGenerator]
2025-03-20T10:52:35.884+05:30 DEBUG 30536 --- [MindMeldAssistant] [           main] org.hibernate.orm.idgen.factory          : Registering IdentifierGenerator strategy [assigned] -> [org.hibernate.id.Assigned]
2025-03-20T10:52:35.886+05:30 DEBUG 30536 --- [MindMeldAssistant] [           main] org.hibernate.orm.idgen.factory          : Registering IdentifierGenerator strategy [identity] -> [org.hibernate.id.IdentityGenerator]
2025-03-20T10:52:35.886+05:30 DEBUG 30536 --- [MindMeldAssistant] [           main] org.hibernate.orm.idgen.factory          : Registering IdentifierGenerator strategy [select] -> [org.hibernate.id.SelectGenerator]
2025-03-20T10:52:35.888+05:30 DEBUG 30536 --- [MindMeldAssistant] [           main] org.hibernate.orm.idgen.factory          : Registering IdentifierGenerator strategy [sequence] -> [org.hibernate.id.enhanced.SequenceStyleGenerator]
2025-03-20T10:52:35.888+05:30 DEBUG 30536 --- [MindMeldAssistant] [           main] org.hibernate.orm.idgen.factory          : Registering IdentifierGenerator strategy [increment] -> [org.hibernate.id.IncrementGenerator]
2025-03-20T10:52:35.889+05:30 DEBUG 30536 --- [MindMeldAssistant] [           main] org.hibernate.orm.idgen.factory          : Registering IdentifierGenerator strategy [foreign] -> [org.hibernate.id.ForeignGenerator]
2025-03-20T10:52:35.889+05:30 DEBUG 30536 --- [MindMeldAssistant] [           main] org.hibernate.orm.idgen.factory          : Registering IdentifierGenerator strategy [enhanced-sequence] -> [org.hibernate.id.enhanced.SequenceStyleGenerator]
2025-03-20T10:52:35.891+05:30 DEBUG 30536 --- [MindMeldAssistant] [           main] org.hibernate.orm.idgen.factory          : Registering IdentifierGenerator strategy [enhanced-table] -> [org.hibernate.id.enhanced.TableGenerator]
2025-03-20T10:52:35.903+05:30 DEBUG 30536 --- [MindMeldAssistant] [           main] o.h.c.internal.RegionFactoryInitiator    : Cannot default RegionFactory based on registered strategies as `[]` RegionFactory strategies were registered
2025-03-20T10:52:35.904+05:30  INFO 30536 --- [MindMeldAssistant] [           main] o.h.c.internal.RegionFactoryInitiator    : HHH000026: Second-level cache disabled
2025-03-20T10:52:36.029+05:30 DEBUG 30536 --- [MindMeldAssistant] [           main] org.hibernate.type.BasicTypeRegistry     : Adding type registration boolean -> org.hibernate.type.BasicTypeReference@1a2ac487
2025-03-20T10:52:36.029+05:30 DEBUG 30536 --- [MindMeldAssistant] [           main] org.hibernate.type.BasicTypeRegistry     : Adding type registration boolean -> org.hibernate.type.BasicTypeReference@1a2ac487
2025-03-20T10:52:36.029+05:30 DEBUG 30536 --- [MindMeldAssistant] [           main] org.hibernate.type.BasicTypeRegistry     : Adding type registration java.lang.Boolean -> org.hibernate.type.BasicTypeReference@1a2ac487
2025-03-20T10:52:36.029+05:30 DEBUG 30536 --- [MindMeldAssistant] [           main] org.hibernate.type.BasicTypeRegistry     : Adding type registration numeric_boolean -> org.hibernate.type.BasicTypeReference@570a62a5
2025-03-20T10:52:36.029+05:30 DEBUG 30536 --- [MindMeldAssistant] [           main] org.hibernate.type.BasicTypeRegistry     : Adding type registration org.hibernate.type.NumericBooleanConverter -> org.hibernate.type.BasicTypeReference@570a62a5
2025-03-20T10:52:36.029+05:30 DEBUG 30536 --- [MindMeldAssistant] [           main] org.hibernate.type.BasicTypeRegistry     : Adding type registration true_false -> org.hibernate.type.BasicTypeReference@36224f93
2025-03-20T10:52:36.029+05:30 DEBUG 30536 --- [MindMeldAssistant] [           main] org.hibernate.type.BasicTypeRegistry     : Adding type registration org.hibernate.type.TrueFalseConverter -> org.hibernate.type.BasicTypeReference@36224f93
2025-03-20T10:52:36.029+05:30 DEBUG 30536 --- [MindMeldAssistant] [           main] org.hibernate.type.BasicTypeRegistry     : Adding type registration yes_no -> org.hibernate.type.BasicTypeReference@1ee5632d
2025-03-20T10:52:36.029+05:30 DEBUG 30536 --- [MindMeldAssistant] [           main] org.hibernate.type.BasicTypeRegistry     : Adding type registration org.hibernate.type.YesNoConverter -> org.hibernate.type.BasicTypeReference@1ee5632d
2025-03-20T10:52:36.029+05:30 DEBUG 30536 --- [MindMeldAssistant] [           main] org.hibernate.type.BasicTypeRegistry     : Adding type registration byte -> org.hibernate.type.BasicTypeReference@52a7928a
2025-03-20T10:52:36.029+05:30 DEBUG 30536 --- [MindMeldAssistant] [           main] org.hibernate.type.BasicTypeRegistry     : Adding type registration byte -> org.hibernate.type.BasicTypeReference@52a7928a
2025-03-20T10:52:36.029+05:30 DEBUG 30536 --- [MindMeldAssistant] [           main] org.hibernate.type.BasicTypeRegistry     : Adding type registration java.lang.Byte -> org.hibernate.type.BasicTypeReference@52a7928a
2025-03-20T10:52:36.030+05:30 DEBUG 30536 --- [MindMeldAssistant] [           main] org.hibernate.type.BasicTypeRegistry     : Adding type registration binary -> org.hibernate.type.BasicTypeReference@563ccd31
2025-03-20T10:52:36.030+05:30 DEBUG 30536 --- [MindMeldAssistant] [           main] org.hibernate.type.BasicTypeRegistry     : Adding type registration byte[] -> org.hibernate.type.BasicTypeReference@563ccd31
2025-03-20T10:52:36.030+05:30 DEBUG 30536 --- [MindMeldAssistant] [           main] org.hibernate.type.BasicTypeRegistry     : Adding type registration [B -> org.hibernate.type.BasicTypeReference@563ccd31
2025-03-20T10:52:36.030+05:30 DEBUG 30536 --- [MindMeldAssistant] [           main] org.hibernate.type.BasicTypeRegistry     : Adding type registration binary_wrapper -> org.hibernate.type.BasicTypeReference@72465eb2
2025-03-20T10:52:36.030+05:30 DEBUG 30536 --- [MindMeldAssistant] [           main] org.hibernate.type.BasicTypeRegistry     : Adding type registration wrapper-binary -> org.hibernate.type.BasicTypeReference@72465eb2
2025-03-20T10:52:36.030+05:30 DEBUG 30536 --- [MindMeldAssistant] [           main] org.hibernate.type.BasicTypeRegistry     : Adding type registration image -> org.hibernate.type.BasicTypeReference@478fb7dc
2025-03-20T10:52:36.030+05:30 DEBUG 30536 --- [MindMeldAssistant] [           main] org.hibernate.type.BasicTypeRegistry     : Adding type registration blob -> org.hibernate.type.BasicTypeReference@29d25e65
2025-03-20T10:52:36.030+05:30 DEBUG 30536 --- [MindMeldAssistant] [           main] org.hibernate.type.BasicTypeRegistry     : Adding type registration java.sql.Blob -> org.hibernate.type.BasicTypeReference@29d25e65
2025-03-20T10:52:36.030+05:30 DEBUG 30536 --- [MindMeldAssistant] [           main] org.hibernate.type.BasicTypeRegistry     : Adding type registration materialized_blob -> org.hibernate.type.BasicTypeReference@19b75b2b
2025-03-20T10:52:36.030+05:30 DEBUG 30536 --- [MindMeldAssistant] [           main] org.hibernate.type.BasicTypeRegistry     : Adding type registration materialized_blob_wrapper -> org.hibernate.type.BasicTypeReference@59c43561
2025-03-20T10:52:36.030+05:30 DEBUG 30536 --- [MindMeldAssistant] [           main] org.hibernate.type.BasicTypeRegistry     : Adding type registration short -> org.hibernate.type.BasicTypeReference@634f58d2
2025-03-20T10:52:36.030+05:30 DEBUG 30536 --- [MindMeldAssistant] [           main] org.hibernate.type.BasicTypeRegistry     : Adding type registration short -> org.hibernate.type.BasicTypeReference@634f58d2
2025-03-20T10:52:36.031+05:30 DEBUG 30536 --- [MindMeldAssistant] [           main] org.hibernate.type.BasicTypeRegistry     : Adding type registration java.lang.Short -> org.hibernate.type.BasicTypeReference@634f58d2
2025-03-20T10:52:36.031+05:30 DEBUG 30536 --- [MindMeldAssistant] [           main] org.hibernate.type.BasicTypeRegistry     : Adding type registration integer -> org.hibernate.type.BasicTypeReference@585513a8
2025-03-20T10:52:36.031+05:30 DEBUG 30536 --- [MindMeldAssistant] [           main] org.hibernate.type.BasicTypeRegistry     : Adding type registration int -> org.hibernate.type.BasicTypeReference@585513a8
2025-03-20T10:52:36.031+05:30 DEBUG 30536 --- [MindMeldAssistant] [           main] org.hibernate.type.BasicTypeRegistry     : Adding type registration java.lang.Integer -> org.hibernate.type.BasicTypeReference@585513a8
2025-03-20T10:52:36.031+05:30 DEBUG 30536 --- [MindMeldAssistant] [           main] org.hibernate.type.BasicTypeRegistry     : Adding type registration long -> org.hibernate.type.BasicTypeReference@7b18658a
2025-03-20T10:52:36.031+05:30 DEBUG 30536 --- [MindMeldAssistant] [           main] org.hibernate.type.BasicTypeRegistry     : Adding type registration long -> org.hibernate.type.BasicTypeReference@7b18658a
2025-03-20T10:52:36.031+05:30 DEBUG 30536 --- [MindMeldAssistant] [           main] org.hibernate.type.BasicTypeRegistry     : Adding type registration java.lang.Long -> org.hibernate.type.BasicTypeReference@7b18658a
2025-03-20T10:52:36.031+05:30 DEBUG 30536 --- [MindMeldAssistant] [           main] org.hibernate.type.BasicTypeRegistry     : Adding type registration float -> org.hibernate.type.BasicTypeReference@30f28b5
2025-03-20T10:52:36.031+05:30 DEBUG 30536 --- [MindMeldAssistant] [           main] org.hibernate.type.BasicTypeRegistry     : Adding type registration float -> org.hibernate.type.BasicTypeReference@30f28b5
2025-03-20T10:52:36.031+05:30 DEBUG 30536 --- [MindMeldAssistant] [           main] org.hibernate.type.BasicTypeRegistry     : Adding type registration java.lang.Float -> org.hibernate.type.BasicTypeReference@30f28b5
2025-03-20T10:52:36.031+05:30 DEBUG 30536 --- [MindMeldAssistant] [           main] org.hibernate.type.BasicTypeRegistry     : Adding type registration double -> org.hibernate.type.BasicTypeReference@1a1f79ce
2025-03-20T10:52:36.031+05:30 DEBUG 30536 --- [MindMeldAssistant] [           main] org.hibernate.type.BasicTypeRegistry     : Adding type registration double -> org.hibernate.type.BasicTypeReference@1a1f79ce
2025-03-20T10:52:36.031+05:30 DEBUG 30536 --- [MindMeldAssistant] [           main] org.hibernate.type.BasicTypeRegistry     : Adding type registration java.lang.Double -> org.hibernate.type.BasicTypeReference@1a1f79ce
2025-03-20T10:52:36.031+05:30 DEBUG 30536 --- [MindMeldAssistant] [           main] org.hibernate.type.BasicTypeRegistry     : Adding type registration big_integer -> org.hibernate.type.BasicTypeReference@6aa7e176
2025-03-20T10:52:36.032+05:30 DEBUG 30536 --- [MindMeldAssistant] [           main] org.hibernate.type.BasicTypeRegistry     : Adding type registration java.math.BigInteger -> org.hibernate.type.BasicTypeReference@6aa7e176
2025-03-20T10:52:36.032+05:30 DEBUG 30536 --- [MindMeldAssistant] [           main] org.hibernate.type.BasicTypeRegistry     : Adding type registration big_decimal -> org.hibernate.type.BasicTypeReference@52abed9d
2025-03-20T10:52:36.032+05:30 DEBUG 30536 --- [MindMeldAssistant] [           main] org.hibernate.type.BasicTypeRegistry     : Adding type registration java.math.BigDecimal -> org.hibernate.type.BasicTypeReference@52abed9d
2025-03-20T10:52:36.032+05:30 DEBUG 30536 --- [MindMeldAssistant] [           main] org.hibernate.type.BasicTypeRegistry     : Adding type registration character -> org.hibernate.type.BasicTypeReference@281b2dfd
2025-03-20T10:52:36.032+05:30 DEBUG 30536 --- [MindMeldAssistant] [           main] org.hibernate.type.BasicTypeRegistry     : Adding type registration char -> org.hibernate.type.BasicTypeReference@281b2dfd
2025-03-20T10:52:36.032+05:30 DEBUG 30536 --- [MindMeldAssistant] [           main] org.hibernate.type.BasicTypeRegistry     : Adding type registration java.lang.Character -> org.hibernate.type.BasicTypeReference@281b2dfd
2025-03-20T10:52:36.032+05:30 DEBUG 30536 --- [MindMeldAssistant] [           main] org.hibernate.type.BasicTypeRegistry     : Adding type registration character_nchar -> org.hibernate.type.BasicTypeReference@492be039
2025-03-20T10:52:36.032+05:30 DEBUG 30536 --- [MindMeldAssistant] [           main] org.hibernate.type.BasicTypeRegistry     : Adding type registration string -> org.hibernate.type.BasicTypeReference@1cd2143b
2025-03-20T10:52:36.032+05:30 DEBUG 30536 --- [MindMeldAssistant] [           main] org.hibernate.type.BasicTypeRegistry     : Adding type registration java.lang.String -> org.hibernate.type.BasicTypeReference@1cd2143b
2025-03-20T10:52:36.032+05:30 DEBUG 30536 --- [MindMeldAssistant] [           main] org.hibernate.type.BasicTypeRegistry     : Adding type registration nstring -> org.hibernate.type.BasicTypeReference@1118d539
2025-03-20T10:52:36.032+05:30 DEBUG 30536 --- [MindMeldAssistant] [           main] org.hibernate.type.BasicTypeRegistry     : Adding type registration characters -> org.hibernate.type.BasicTypeReference@601d6622
2025-03-20T10:52:36.033+05:30 DEBUG 30536 --- [MindMeldAssistant] [           main] org.hibernate.type.BasicTypeRegistry     : Adding type registration char[] -> org.hibernate.type.BasicTypeReference@601d6622
2025-03-20T10:52:36.033+05:30 DEBUG 30536 --- [MindMeldAssistant] [           main] org.hibernate.type.BasicTypeRegistry     : Adding type registration [C -> org.hibernate.type.BasicTypeReference@601d6622
2025-03-20T10:52:36.033+05:30 DEBUG 30536 --- [MindMeldAssistant] [           main] org.hibernate.type.BasicTypeRegistry     : Adding type registration wrapper-characters -> org.hibernate.type.BasicTypeReference@76216830
2025-03-20T10:52:36.033+05:30 DEBUG 30536 --- [MindMeldAssistant] [           main] org.hibernate.type.BasicTypeRegistry     : Adding type registration text -> org.hibernate.type.BasicTypeReference@7aded903
2025-03-20T10:52:36.033+05:30 DEBUG 30536 --- [MindMeldAssistant] [           main] org.hibernate.type.BasicTypeRegistry     : Adding type registration ntext -> org.hibernate.type.BasicTypeReference@2db86a7c
2025-03-20T10:52:36.033+05:30 DEBUG 30536 --- [MindMeldAssistant] [           main] org.hibernate.type.BasicTypeRegistry     : Adding type registration clob -> org.hibernate.type.BasicTypeReference@261f359f
2025-03-20T10:52:36.033+05:30 DEBUG 30536 --- [MindMeldAssistant] [           main] org.hibernate.type.BasicTypeRegistry     : Adding type registration java.sql.Clob -> org.hibernate.type.BasicTypeReference@261f359f
2025-03-20T10:52:36.033+05:30 DEBUG 30536 --- [MindMeldAssistant] [           main] org.hibernate.type.BasicTypeRegistry     : Adding type registration nclob -> org.hibernate.type.BasicTypeReference@5b02a984
2025-03-20T10:52:36.033+05:30 DEBUG 30536 --- [MindMeldAssistant] [           main] org.hibernate.type.BasicTypeRegistry     : Adding type registration java.sql.NClob -> org.hibernate.type.BasicTypeReference@5b02a984
2025-03-20T10:52:36.033+05:30 DEBUG 30536 --- [MindMeldAssistant] [           main] org.hibernate.type.BasicTypeRegistry     : Adding type registration materialized_clob -> org.hibernate.type.BasicTypeReference@57186526
2025-03-20T10:52:36.033+05:30 DEBUG 30536 --- [MindMeldAssistant] [           main] org.hibernate.type.BasicTypeRegistry     : Adding type registration materialized_clob_char_array -> org.hibernate.type.BasicTypeReference@391d1e33
2025-03-20T10:52:36.033+05:30 DEBUG 30536 --- [MindMeldAssistant] [           main] org.hibernate.type.BasicTypeRegistry     : Adding type registration materialized_clob_character_array -> org.hibernate.type.BasicTypeReference@66f16742
2025-03-20T10:52:36.033+05:30 DEBUG 30536 --- [MindMeldAssistant] [           main] org.hibernate.type.BasicTypeRegistry     : Adding type registration materialized_nclob -> org.hibernate.type.BasicTypeReference@2871ac91
2025-03-20T10:52:36.033+05:30 DEBUG 30536 --- [MindMeldAssistant] [           main] org.hibernate.type.BasicTypeRegistry     : Adding type registration materialized_nclob_character_array -> org.hibernate.type.BasicTypeReference@3c54ddec
2025-03-20T10:52:36.033+05:30 DEBUG 30536 --- [MindMeldAssistant] [           main] org.hibernate.type.BasicTypeRegistry     : Adding type registration materialized_nclob_char_array -> org.hibernate.type.BasicTypeReference@6d69a0d3
2025-03-20T10:52:36.034+05:30 DEBUG 30536 --- [MindMeldAssistant] [           main] org.hibernate.type.BasicTypeRegistry     : Adding type registration Duration -> org.hibernate.type.BasicTypeReference@4f114b
2025-03-20T10:52:36.034+05:30 DEBUG 30536 --- [MindMeldAssistant] [           main] org.hibernate.type.BasicTypeRegistry     : Adding type registration java.time.Duration -> org.hibernate.type.BasicTypeReference@4f114b
2025-03-20T10:52:36.034+05:30 DEBUG 30536 --- [MindMeldAssistant] [           main] org.hibernate.type.BasicTypeRegistry     : Adding type registration LocalDateTime -> org.hibernate.type.BasicTypeReference@257f30f7
2025-03-20T10:52:36.034+05:30 DEBUG 30536 --- [MindMeldAssistant] [           main] org.hibernate.type.BasicTypeRegistry     : Adding type registration java.time.LocalDateTime -> org.hibernate.type.BasicTypeReference@257f30f7
2025-03-20T10:52:36.034+05:30 DEBUG 30536 --- [MindMeldAssistant] [           main] org.hibernate.type.BasicTypeRegistry     : Adding type registration LocalDate -> org.hibernate.type.BasicTypeReference@3fde2209
2025-03-20T10:52:36.034+05:30 DEBUG 30536 --- [MindMeldAssistant] [           main] org.hibernate.type.BasicTypeRegistry     : Adding type registration java.time.LocalDate -> org.hibernate.type.BasicTypeReference@3fde2209
2025-03-20T10:52:36.034+05:30 DEBUG 30536 --- [MindMeldAssistant] [           main] org.hibernate.type.BasicTypeRegistry     : Adding type registration LocalTime -> org.hibernate.type.BasicTypeReference@1f916219
2025-03-20T10:52:36.034+05:30 DEBUG 30536 --- [MindMeldAssistant] [           main] org.hibernate.type.BasicTypeRegistry     : Adding type registration java.time.LocalTime -> org.hibernate.type.BasicTypeReference@1f916219
2025-03-20T10:52:36.034+05:30 DEBUG 30536 --- [MindMeldAssistant] [           main] org.hibernate.type.BasicTypeRegistry     : Adding type registration OffsetDateTime -> org.hibernate.type.BasicTypeReference@67acfde9
2025-03-20T10:52:36.034+05:30 DEBUG 30536 --- [MindMeldAssistant] [           main] org.hibernate.type.BasicTypeRegistry     : Adding type registration java.time.OffsetDateTime -> org.hibernate.type.BasicTypeReference@67acfde9
2025-03-20T10:52:36.034+05:30 DEBUG 30536 --- [MindMeldAssistant] [           main] org.hibernate.type.BasicTypeRegistry     : Adding type registration OffsetDateTimeWithTimezone -> org.hibernate.type.BasicTypeReference@3b088163
2025-03-20T10:52:36.034+05:30 DEBUG 30536 --- [MindMeldAssistant] [           main] org.hibernate.type.BasicTypeRegistry     : Adding type registration OffsetDateTimeWithoutTimezone -> org.hibernate.type.BasicTypeReference@75882261
2025-03-20T10:52:36.034+05:30 DEBUG 30536 --- [MindMeldAssistant] [           main] org.hibernate.type.BasicTypeRegistry     : Adding type registration OffsetTime -> org.hibernate.type.BasicTypeReference@611d0763
2025-03-20T10:52:36.034+05:30 DEBUG 30536 --- [MindMeldAssistant] [           main] org.hibernate.type.BasicTypeRegistry     : Adding type registration java.time.OffsetTime -> org.hibernate.type.BasicTypeReference@611d0763
2025-03-20T10:52:36.034+05:30 DEBUG 30536 --- [MindMeldAssistant] [           main] org.hibernate.type.BasicTypeRegistry     : Adding type registration OffsetTimeUtc -> org.hibernate.type.BasicTypeReference@615efd1c
2025-03-20T10:52:36.034+05:30 DEBUG 30536 --- [MindMeldAssistant] [           main] org.hibernate.type.BasicTypeRegistry     : Adding type registration OffsetTimeWithTimezone -> org.hibernate.type.BasicTypeReference@1e226bcd
2025-03-20T10:52:36.035+05:30 DEBUG 30536 --- [MindMeldAssistant] [           main] org.hibernate.type.BasicTypeRegistry     : Adding type registration OffsetTimeWithoutTimezone -> org.hibernate.type.BasicTypeReference@2a8dd942
2025-03-20T10:52:36.035+05:30 DEBUG 30536 --- [MindMeldAssistant] [           main] org.hibernate.type.BasicTypeRegistry     : Adding type registration ZonedDateTime -> org.hibernate.type.BasicTypeReference@2322e56f
2025-03-20T10:52:36.035+05:30 DEBUG 30536 --- [MindMeldAssistant] [           main] org.hibernate.type.BasicTypeRegistry     : Adding type registration java.time.ZonedDateTime -> org.hibernate.type.BasicTypeReference@2322e56f
2025-03-20T10:52:36.035+05:30 DEBUG 30536 --- [MindMeldAssistant] [           main] org.hibernate.type.BasicTypeRegistry     : Adding type registration ZonedDateTimeWithTimezone -> org.hibernate.type.BasicTypeReference@35025a0a
2025-03-20T10:52:36.035+05:30 DEBUG 30536 --- [MindMeldAssistant] [           main] org.hibernate.type.BasicTypeRegistry     : Adding type registration ZonedDateTimeWithoutTimezone -> org.hibernate.type.BasicTypeReference@38732364
2025-03-20T10:52:36.035+05:30 DEBUG 30536 --- [MindMeldAssistant] [           main] org.hibernate.type.BasicTypeRegistry     : Adding type registration date -> org.hibernate.type.BasicTypeReference@7c70aae1
2025-03-20T10:52:36.035+05:30 DEBUG 30536 --- [MindMeldAssistant] [           main] org.hibernate.type.BasicTypeRegistry     : Adding type registration java.sql.Date -> org.hibernate.type.BasicTypeReference@7c70aae1
2025-03-20T10:52:36.035+05:30 DEBUG 30536 --- [MindMeldAssistant] [           main] org.hibernate.type.BasicTypeRegistry     : Adding type registration time -> org.hibernate.type.BasicTypeReference@48cd319d
2025-03-20T10:52:36.035+05:30 DEBUG 30536 --- [MindMeldAssistant] [           main] org.hibernate.type.BasicTypeRegistry     : Adding type registration java.sql.Time -> org.hibernate.type.BasicTypeReference@48cd319d
2025-03-20T10:52:36.035+05:30 DEBUG 30536 --- [MindMeldAssistant] [           main] org.hibernate.type.BasicTypeRegistry     : Adding type registration timestamp -> org.hibernate.type.BasicTypeReference@6f38f084
2025-03-20T10:52:36.035+05:30 DEBUG 30536 --- [MindMeldAssistant] [           main] org.hibernate.type.BasicTypeRegistry     : Adding type registration java.sql.Timestamp -> org.hibernate.type.BasicTypeReference@6f38f084
2025-03-20T10:52:36.035+05:30 DEBUG 30536 --- [MindMeldAssistant] [           main] org.hibernate.type.BasicTypeRegistry     : Adding type registration java.util.Date -> org.hibernate.type.BasicTypeReference@6f38f084
2025-03-20T10:52:36.035+05:30 DEBUG 30536 --- [MindMeldAssistant] [           main] org.hibernate.type.BasicTypeRegistry     : Adding type registration calendar -> org.hibernate.type.BasicTypeReference@4ef18604
2025-03-20T10:52:36.035+05:30 DEBUG 30536 --- [MindMeldAssistant] [           main] org.hibernate.type.BasicTypeRegistry     : Adding type registration java.util.Calendar -> org.hibernate.type.BasicTypeReference@4ef18604
2025-03-20T10:52:36.035+05:30 DEBUG 30536 --- [MindMeldAssistant] [           main] org.hibernate.type.BasicTypeRegistry     : Adding type registration java.util.GregorianCalendar -> org.hibernate.type.BasicTypeReference@4ef18604
2025-03-20T10:52:36.035+05:30 DEBUG 30536 --- [MindMeldAssistant] [           main] org.hibernate.type.BasicTypeRegistry     : Adding type registration calendar_date -> org.hibernate.type.BasicTypeReference@372f0a99
2025-03-20T10:52:36.036+05:30 DEBUG 30536 --- [MindMeldAssistant] [           main] org.hibernate.type.BasicTypeRegistry     : Adding type registration calendar_time -> org.hibernate.type.BasicTypeReference@16cf8438
2025-03-20T10:52:36.036+05:30 DEBUG 30536 --- [MindMeldAssistant] [           main] org.hibernate.type.BasicTypeRegistry     : Adding type registration instant -> org.hibernate.type.BasicTypeReference@3e5beab5
2025-03-20T10:52:36.036+05:30 DEBUG 30536 --- [MindMeldAssistant] [           main] org.hibernate.type.BasicTypeRegistry     : Adding type registration java.time.Instant -> org.hibernate.type.BasicTypeReference@3e5beab5
2025-03-20T10:52:36.036+05:30 DEBUG 30536 --- [MindMeldAssistant] [           main] org.hibernate.type.BasicTypeRegistry     : Adding type registration uuid -> org.hibernate.type.BasicTypeReference@7c588adc
2025-03-20T10:52:36.036+05:30 DEBUG 30536 --- [MindMeldAssistant] [           main] org.hibernate.type.BasicTypeRegistry     : Adding type registration java.util.UUID -> org.hibernate.type.BasicTypeReference@7c588adc
2025-03-20T10:52:36.036+05:30 DEBUG 30536 --- [MindMeldAssistant] [           main] org.hibernate.type.BasicTypeRegistry     : Adding type registration pg-uuid -> org.hibernate.type.BasicTypeReference@7c588adc
2025-03-20T10:52:36.036+05:30 DEBUG 30536 --- [MindMeldAssistant] [           main] org.hibernate.type.BasicTypeRegistry     : Adding type registration uuid-binary -> org.hibernate.type.BasicTypeReference@33ec2c0c
2025-03-20T10:52:36.036+05:30 DEBUG 30536 --- [MindMeldAssistant] [           main] org.hibernate.type.BasicTypeRegistry     : Adding type registration uuid-char -> org.hibernate.type.BasicTypeReference@5968800d
2025-03-20T10:52:36.036+05:30 DEBUG 30536 --- [MindMeldAssistant] [           main] org.hibernate.type.BasicTypeRegistry     : Adding type registration class -> org.hibernate.type.BasicTypeReference@3887c7d7
2025-03-20T10:52:36.036+05:30 DEBUG 30536 --- [MindMeldAssistant] [           main] org.hibernate.type.BasicTypeRegistry     : Adding type registration java.lang.Class -> org.hibernate.type.BasicTypeReference@3887c7d7
2025-03-20T10:52:36.036+05:30 DEBUG 30536 --- [MindMeldAssistant] [           main] org.hibernate.type.BasicTypeRegistry     : Adding type registration currency -> org.hibernate.type.BasicTypeReference@b1b471
2025-03-20T10:52:36.043+05:30 DEBUG 30536 --- [MindMeldAssistant] [           main] org.hibernate.type.BasicTypeRegistry     : Adding type registration Currency -> org.hibernate.type.BasicTypeReference@b1b471
2025-03-20T10:52:36.043+05:30 DEBUG 30536 --- [MindMeldAssistant] [           main] org.hibernate.type.BasicTypeRegistry     : Adding type registration java.util.Currency -> org.hibernate.type.BasicTypeReference@b1b471
2025-03-20T10:52:36.043+05:30 DEBUG 30536 --- [MindMeldAssistant] [           main] org.hibernate.type.BasicTypeRegistry     : Adding type registration locale -> org.hibernate.type.BasicTypeReference@4f1afe8f
2025-03-20T10:52:36.043+05:30 DEBUG 30536 --- [MindMeldAssistant] [           main] org.hibernate.type.BasicTypeRegistry     : Adding type registration java.util.Locale -> org.hibernate.type.BasicTypeReference@4f1afe8f
2025-03-20T10:52:36.043+05:30 DEBUG 30536 --- [MindMeldAssistant] [           main] org.hibernate.type.BasicTypeRegistry     : Adding type registration serializable -> org.hibernate.type.BasicTypeReference@492521c4
2025-03-20T10:52:36.043+05:30 DEBUG 30536 --- [MindMeldAssistant] [           main] org.hibernate.type.BasicTypeRegistry     : Adding type registration java.io.Serializable -> org.hibernate.type.BasicTypeReference@492521c4
2025-03-20T10:52:36.043+05:30 DEBUG 30536 --- [MindMeldAssistant] [           main] org.hibernate.type.BasicTypeRegistry     : Adding type registration timezone -> org.hibernate.type.BasicTypeReference@443a06ad
2025-03-20T10:52:36.043+05:30 DEBUG 30536 --- [MindMeldAssistant] [           main] org.hibernate.type.BasicTypeRegistry     : Adding type registration java.util.TimeZone -> org.hibernate.type.BasicTypeReference@443a06ad
2025-03-20T10:52:36.043+05:30 DEBUG 30536 --- [MindMeldAssistant] [           main] org.hibernate.type.BasicTypeRegistry     : Adding type registration ZoneOffset -> org.hibernate.type.BasicTypeReference@6ddd1c51
2025-03-20T10:52:36.043+05:30 DEBUG 30536 --- [MindMeldAssistant] [           main] org.hibernate.type.BasicTypeRegistry     : Adding type registration java.time.ZoneOffset -> org.hibernate.type.BasicTypeReference@6ddd1c51
2025-03-20T10:52:36.043+05:30 DEBUG 30536 --- [MindMeldAssistant] [           main] org.hibernate.type.BasicTypeRegistry     : Adding type registration url -> org.hibernate.type.BasicTypeReference@752b69e3
2025-03-20T10:52:36.043+05:30 DEBUG 30536 --- [MindMeldAssistant] [           main] org.hibernate.type.BasicTypeRegistry     : Adding type registration java.net.URL -> org.hibernate.type.BasicTypeReference@752b69e3
2025-03-20T10:52:36.043+05:30 DEBUG 30536 --- [MindMeldAssistant] [           main] org.hibernate.type.BasicTypeRegistry     : Adding type registration vector -> org.hibernate.type.BasicTypeReference@15605d83
2025-03-20T10:52:36.043+05:30 DEBUG 30536 --- [MindMeldAssistant] [           main] org.hibernate.type.BasicTypeRegistry     : Adding type registration float_vector -> org.hibernate.type.BasicTypeReference@1fb2eec
2025-03-20T10:52:36.043+05:30 DEBUG 30536 --- [MindMeldAssistant] [           main] org.hibernate.type.BasicTypeRegistry     : Adding type registration double_vector -> org.hibernate.type.BasicTypeReference@4c18516
2025-03-20T10:52:36.043+05:30 DEBUG 30536 --- [MindMeldAssistant] [           main] org.hibernate.type.BasicTypeRegistry     : Adding type registration byte_vector -> org.hibernate.type.BasicTypeReference@2a0b901c
2025-03-20T10:52:36.043+05:30 DEBUG 30536 --- [MindMeldAssistant] [           main] org.hibernate.type.BasicTypeRegistry     : Adding type registration row_version -> org.hibernate.type.BasicTypeReference@3d104c9b
2025-03-20T10:52:36.043+05:30 DEBUG 30536 --- [MindMeldAssistant] [           main] org.hibernate.type.BasicTypeRegistry     : Adding type registration object -> org.hibernate.type.JavaObjectType@4ce25e47
2025-03-20T10:52:36.043+05:30 DEBUG 30536 --- [MindMeldAssistant] [           main] org.hibernate.type.BasicTypeRegistry     : Adding type registration java.lang.Object -> org.hibernate.type.JavaObjectType@4ce25e47
2025-03-20T10:52:36.043+05:30 DEBUG 30536 --- [MindMeldAssistant] [           main] org.hibernate.type.BasicTypeRegistry     : Adding type registration null -> org.hibernate.type.NullType@6c0b51da
2025-03-20T10:52:36.043+05:30 DEBUG 30536 --- [MindMeldAssistant] [           main] org.hibernate.type.BasicTypeRegistry     : Adding type registration imm_date -> org.hibernate.type.BasicTypeReference@7558633
2025-03-20T10:52:36.043+05:30 DEBUG 30536 --- [MindMeldAssistant] [           main] org.hibernate.type.BasicTypeRegistry     : Adding type registration imm_time -> org.hibernate.type.BasicTypeReference@5657967b
2025-03-20T10:52:36.043+05:30 DEBUG 30536 --- [MindMeldAssistant] [           main] org.hibernate.type.BasicTypeRegistry     : Adding type registration imm_timestamp -> org.hibernate.type.BasicTypeReference@61394494
2025-03-20T10:52:36.043+05:30 DEBUG 30536 --- [MindMeldAssistant] [           main] org.hibernate.type.BasicTypeRegistry     : Adding type registration imm_calendar -> org.hibernate.type.BasicTypeReference@578a5ce8
2025-03-20T10:52:36.043+05:30 DEBUG 30536 --- [MindMeldAssistant] [           main] org.hibernate.type.BasicTypeRegistry     : Adding type registration imm_calendar_date -> org.hibernate.type.BasicTypeReference@7c453c34
2025-03-20T10:52:36.043+05:30 DEBUG 30536 --- [MindMeldAssistant] [           main] org.hibernate.type.BasicTypeRegistry     : Adding type registration imm_calendar_time -> org.hibernate.type.BasicTypeReference@16cb9989
2025-03-20T10:52:36.043+05:30 DEBUG 30536 --- [MindMeldAssistant] [           main] org.hibernate.type.BasicTypeRegistry     : Adding type registration imm_binary -> org.hibernate.type.BasicTypeReference@3dfd6220
2025-03-20T10:52:36.043+05:30 DEBUG 30536 --- [MindMeldAssistant] [           main] org.hibernate.type.BasicTypeRegistry     : Adding type registration imm_serializable -> org.hibernate.type.BasicTypeReference@3815146b
2025-03-20T10:52:36.043+05:30 DEBUG 30536 --- [MindMeldAssistant] [           main] o.h.boot.internal.BootstrapContextImpl   : Injecting JPA temp ClassLoader [org.springframework.instrument.classloading.SimpleThrowawayClassLoader@252ec02e] into BootstrapContext; was [null]
2025-03-20T10:52:36.043+05:30 DEBUG 30536 --- [MindMeldAssistant] [           main] o.h.boot.internal.ClassLoaderAccessImpl  : ClassLoaderAccessImpl#injectTempClassLoader(org.springframework.instrument.classloading.SimpleThrowawayClassLoader@252ec02e) [was null]
2025-03-20T10:52:36.043+05:30 DEBUG 30536 --- [MindMeldAssistant] [           main] o.h.boot.internal.BootstrapContextImpl   : Injecting ScanEnvironment [org.hibernate.jpa.boot.internal.StandardJpaScanEnvironmentImpl@687389a6] into BootstrapContext; was [null]
2025-03-20T10:52:36.043+05:30 DEBUG 30536 --- [MindMeldAssistant] [           main] o.h.boot.internal.BootstrapContextImpl   : Injecting ScanOptions [org.hibernate.boot.archive.scan.internal.StandardScanOptions@8641b7d] into BootstrapContext; was [org.hibernate.boot.archive.scan.internal.StandardScanOptions@37c7766e]
2025-03-20T10:52:36.071+05:30 DEBUG 30536 --- [MindMeldAssistant] [           main] o.h.j.b.i.PersistenceUnitInfoDescriptor  : Pushing class transformers for PU named 'default' on loading classloader jdk.internal.loader.ClassLoaders$AppClassLoader@70dea4e
2025-03-20T10:52:36.379+05:30  INFO 30536 --- [MindMeldAssistant] [           main] o.s.o.j.p.SpringPersistenceUnitInfo      : No LoadTimeWeaver setup: ignoring JPA class transformer
2025-03-20T10:52:36.379+05:30 DEBUG 30536 --- [MindMeldAssistant] [           main] o.h.boot.internal.BootstrapContextImpl   : Injecting JPA temp ClassLoader [null] into BootstrapContext; was [org.springframework.instrument.classloading.SimpleThrowawayClassLoader@252ec02e]
2025-03-20T10:52:36.379+05:30 DEBUG 30536 --- [MindMeldAssistant] [           main] o.h.boot.internal.ClassLoaderAccessImpl  : ClassLoaderAccessImpl#injectTempClassLoader(null) [was org.springframework.instrument.classloading.SimpleThrowawayClassLoader@252ec02e]
2025-03-20T10:52:36.420+05:30 DEBUG 30536 --- [MindMeldAssistant] [           main] com.zaxxer.hikari.HikariConfig           : HikariPool-1 - configuration:
2025-03-20T10:52:36.420+05:30 DEBUG 30536 --- [MindMeldAssistant] [           main] com.zaxxer.hikari.HikariConfig           : allowPoolSuspension.............false
2025-03-20T10:52:36.420+05:30 DEBUG 30536 --- [MindMeldAssistant] [           main] com.zaxxer.hikari.HikariConfig           : autoCommit......................true
2025-03-20T10:52:36.420+05:30 DEBUG 30536 --- [MindMeldAssistant] [           main] com.zaxxer.hikari.HikariConfig           : catalog.........................none
2025-03-20T10:52:36.420+05:30 DEBUG 30536 --- [MindMeldAssistant] [           main] com.zaxxer.hikari.HikariConfig           : connectionInitSql...............none
2025-03-20T10:52:36.420+05:30 DEBUG 30536 --- [MindMeldAssistant] [           main] com.zaxxer.hikari.HikariConfig           : connectionTestQuery.............none
2025-03-20T10:52:36.420+05:30 DEBUG 30536 --- [MindMeldAssistant] [           main] com.zaxxer.hikari.HikariConfig           : connectionTimeout...............30000
2025-03-20T10:52:36.420+05:30 DEBUG 30536 --- [MindMeldAssistant] [           main] com.zaxxer.hikari.HikariConfig           : dataSource......................none
2025-03-20T10:52:36.420+05:30 DEBUG 30536 --- [MindMeldAssistant] [           main] com.zaxxer.hikari.HikariConfig           : dataSourceClassName.............none
2025-03-20T10:52:36.420+05:30 DEBUG 30536 --- [MindMeldAssistant] [           main] com.zaxxer.hikari.HikariConfig           : dataSourceJNDI..................none
2025-03-20T10:52:36.420+05:30 DEBUG 30536 --- [MindMeldAssistant] [           main] com.zaxxer.hikari.HikariConfig           : dataSourceProperties............{password=<masked>}
2025-03-20T10:52:36.420+05:30 DEBUG 30536 --- [MindMeldAssistant] [           main] com.zaxxer.hikari.HikariConfig           : driverClassName................."com.mysql.cj.jdbc.Driver"
2025-03-20T10:52:36.420+05:30 DEBUG 30536 --- [MindMeldAssistant] [           main] com.zaxxer.hikari.HikariConfig           : exceptionOverrideClassName......none
2025-03-20T10:52:36.420+05:30 DEBUG 30536 --- [MindMeldAssistant] [           main] com.zaxxer.hikari.HikariConfig           : healthCheckProperties...........{}
2025-03-20T10:52:36.420+05:30 DEBUG 30536 --- [MindMeldAssistant] [           main] com.zaxxer.hikari.HikariConfig           : healthCheckRegistry.............none
2025-03-20T10:52:36.420+05:30 DEBUG 30536 --- [MindMeldAssistant] [           main] com.zaxxer.hikari.HikariConfig           : idleTimeout.....................600000
2025-03-20T10:52:36.420+05:30 DEBUG 30536 --- [MindMeldAssistant] [           main] com.zaxxer.hikari.HikariConfig           : initializationFailTimeout.......1
2025-03-20T10:52:36.420+05:30 DEBUG 30536 --- [MindMeldAssistant] [           main] com.zaxxer.hikari.HikariConfig           : isolateInternalQueries..........false
2025-03-20T10:52:36.420+05:30 DEBUG 30536 --- [MindMeldAssistant] [           main] com.zaxxer.hikari.HikariConfig           : jdbcUrl.........................jdbc:mysql://localhost:3306/mindmeld_db
2025-03-20T10:52:36.420+05:30 DEBUG 30536 --- [MindMeldAssistant] [           main] com.zaxxer.hikari.HikariConfig           : keepaliveTime...................0
2025-03-20T10:52:36.420+05:30 DEBUG 30536 --- [MindMeldAssistant] [           main] com.zaxxer.hikari.HikariConfig           : leakDetectionThreshold..........0
2025-03-20T10:52:36.420+05:30 DEBUG 30536 --- [MindMeldAssistant] [           main] com.zaxxer.hikari.HikariConfig           : maxLifetime.....................1800000
2025-03-20T10:52:36.420+05:30 DEBUG 30536 --- [MindMeldAssistant] [           main] com.zaxxer.hikari.HikariConfig           : maximumPoolSize.................10
2025-03-20T10:52:36.420+05:30 DEBUG 30536 --- [MindMeldAssistant] [           main] com.zaxxer.hikari.HikariConfig           : metricRegistry..................none
2025-03-20T10:52:36.420+05:30 DEBUG 30536 --- [MindMeldAssistant] [           main] com.zaxxer.hikari.HikariConfig           : metricsTrackerFactory...........none
2025-03-20T10:52:36.420+05:30 DEBUG 30536 --- [MindMeldAssistant] [           main] com.zaxxer.hikari.HikariConfig           : minimumIdle.....................10
2025-03-20T10:52:36.420+05:30 DEBUG 30536 --- [MindMeldAssistant] [           main] com.zaxxer.hikari.HikariConfig           : password........................<masked>
2025-03-20T10:52:36.420+05:30 DEBUG 30536 --- [MindMeldAssistant] [           main] com.zaxxer.hikari.HikariConfig           : poolName........................"HikariPool-1"
2025-03-20T10:52:36.420+05:30 DEBUG 30536 --- [MindMeldAssistant] [           main] com.zaxxer.hikari.HikariConfig           : readOnly........................false
2025-03-20T10:52:36.420+05:30 DEBUG 30536 --- [MindMeldAssistant] [           main] com.zaxxer.hikari.HikariConfig           : registerMbeans..................false
2025-03-20T10:52:36.420+05:30 DEBUG 30536 --- [MindMeldAssistant] [           main] com.zaxxer.hikari.HikariConfig           : scheduledExecutor...............none
2025-03-20T10:52:36.420+05:30 DEBUG 30536 --- [MindMeldAssistant] [           main] com.zaxxer.hikari.HikariConfig           : schema..........................none
2025-03-20T10:52:36.420+05:30 DEBUG 30536 --- [MindMeldAssistant] [           main] com.zaxxer.hikari.HikariConfig           : threadFactory...................internal
2025-03-20T10:52:36.420+05:30 DEBUG 30536 --- [MindMeldAssistant] [           main] com.zaxxer.hikari.HikariConfig           : transactionIsolation............default
2025-03-20T10:52:36.420+05:30 DEBUG 30536 --- [MindMeldAssistant] [           main] com.zaxxer.hikari.HikariConfig           : username........................"root"
2025-03-20T10:52:36.420+05:30 DEBUG 30536 --- [MindMeldAssistant] [           main] com.zaxxer.hikari.HikariConfig           : validationTimeout...............5000
2025-03-20T10:52:36.420+05:30  INFO 30536 --- [MindMeldAssistant] [           main] com.zaxxer.hikari.HikariDataSource       : HikariPool-1 - Starting...
2025-03-20T10:52:36.720+05:30  INFO 30536 --- [MindMeldAssistant] [           main] com.zaxxer.hikari.pool.HikariPool        : HikariPool-1 - Added connection com.mysql.cj.jdbc.ConnectionImpl@4813d0
2025-03-20T10:52:36.720+05:30  INFO 30536 --- [MindMeldAssistant] [           main] com.zaxxer.hikari.HikariDataSource       : HikariPool-1 - Start completed.
2025-03-20T10:52:36.720+05:30 DEBUG 30536 --- [MindMeldAssistant] [           main] o.h.e.j.e.i.JdbcEnvironmentInitiator     : Database ->
	   name : MySQL
	version : 5.5.5-10.4.32-MariaDB
	  major : 5
	  minor : 5
2025-03-20T10:52:36.720+05:30 DEBUG 30536 --- [MindMeldAssistant] [           main] o.h.e.j.e.i.JdbcEnvironmentInitiator     : Driver ->
	   name : MySQL Connector/J
	version : mysql-connector-j-9.1.0 (Revision: cf2917ea44ae2e43a4514a33771035aa99de73bf)
	  major : 9
	  minor : 1
2025-03-20T10:52:36.720+05:30 DEBUG 30536 --- [MindMeldAssistant] [           main] o.h.e.j.e.i.JdbcEnvironmentInitiator     : JDBC version : 4.2
2025-03-20T10:52:36.794+05:30  WARN 30536 --- [MindMeldAssistant] [           main] org.hibernate.dialect.Dialect            : HHH000511: The 5.5.5 version for [org.hibernate.dialect.MySQLDialect] is no longer supported, hence certain features may not work properly. The minimum supported version is 8.0.0. Check the community dialects project for available legacy versions.
2025-03-20T10:52:36.797+05:30 DEBUG 30536 --- [MindMeldAssistant] [           main] org.hibernate.orm.dialect                : HHH035001: Using dialect: org.hibernate.dialect.MySQLDialect, version: 5.5.5
2025-03-20T10:52:36.800+05:30 DEBUG 30536 --- [MindMeldAssistant] [           main] o.h.e.j.env.spi.IdentifierHelperBuilder  : JDBC driver metadata reported database stores quoted identifiers in more than one case
2025-03-20T10:52:36.801+05:30 DEBUG 30536 --- [MindMeldAssistant] [           main] o.h.e.j.env.spi.IdentifierHelperBuilder  : IdentifierCaseStrategy for both quoted and unquoted identifiers was set to the same strategy [LOWER]; that will likely lead to problems in schema update and validation if using quoted identifiers
2025-03-20T10:52:36.809+05:30  INFO 30536 --- [MindMeldAssistant] [           main] org.hibernate.orm.connections.pooling    : HHH10001005: Database info:
	Database JDBC URL [Connecting through datasource 'HikariDataSource (HikariPool-1)']
	Database driver: undefined/unknown
	Database version: 5.5.5
	Autocommit mode: undefined/unknown
	Isolation level: undefined/unknown
	Minimum pool size: undefined/unknown
	Maximum pool size: undefined/unknown
2025-03-20T10:52:36.830+05:30 DEBUG 30536 --- [MindMeldAssistant] [           main] o.h.t.d.sql.spi.DdlTypeRegistry          : addDescriptor(12, org.hibernate.type.descriptor.sql.internal.CapacityDependentDdlType@6efd0a6e) replaced previous registration(org.hibernate.type.descriptor.sql.internal.CapacityDependentDdlType@51de5efa)
2025-03-20T10:52:36.830+05:30 DEBUG 30536 --- [MindMeldAssistant] [           main] o.h.t.d.sql.spi.DdlTypeRegistry          : addDescriptor(-9, org.hibernate.type.descriptor.sql.internal.CapacityDependentDdlType@30228de7) replaced previous registration(org.hibernate.type.descriptor.sql.internal.CapacityDependentDdlType@28bd5015)
2025-03-20T10:52:36.830+05:30 DEBUG 30536 --- [MindMeldAssistant] [           main] o.h.t.d.sql.spi.DdlTypeRegistry          : addDescriptor(-3, org.hibernate.type.descriptor.sql.internal.CapacityDependentDdlType@2e159116) replaced previous registration(org.hibernate.type.descriptor.sql.internal.CapacityDependentDdlType@d1f23a0)
2025-03-20T10:52:36.830+05:30 DEBUG 30536 --- [MindMeldAssistant] [           main] o.h.t.d.sql.spi.DdlTypeRegistry          : addDescriptor(4003, org.hibernate.type.descriptor.sql.internal.DdlTypeImpl@2976ca51) replaced previous registration(org.hibernate.type.descriptor.sql.internal.DdlTypeImpl@6b091a92)
2025-03-20T10:52:36.830+05:30 DEBUG 30536 --- [MindMeldAssistant] [           main] o.h.t.d.sql.spi.DdlTypeRegistry          : addDescriptor(4001, org.hibernate.type.descriptor.sql.internal.DdlTypeImpl@6996bbc4) replaced previous registration(org.hibernate.type.descriptor.sql.internal.DdlTypeImpl@1de08775)
2025-03-20T10:52:36.830+05:30 DEBUG 30536 --- [MindMeldAssistant] [           main] o.h.t.d.sql.spi.DdlTypeRegistry          : addDescriptor(4002, org.hibernate.type.descriptor.sql.internal.DdlTypeImpl@2dbf2da) replaced previous registration(org.hibernate.type.descriptor.sql.internal.DdlTypeImpl@21a5b599)
2025-03-20T10:52:36.830+05:30 DEBUG 30536 --- [MindMeldAssistant] [           main] o.h.t.d.sql.spi.DdlTypeRegistry          : addDescriptor(2004, org.hibernate.type.descriptor.sql.internal.CapacityDependentDdlType@7db162f2) replaced previous registration(org.hibernate.type.descriptor.sql.internal.DdlTypeImpl@64f3991e)
2025-03-20T10:52:36.830+05:30 DEBUG 30536 --- [MindMeldAssistant] [           main] o.h.t.d.sql.spi.DdlTypeRegistry          : addDescriptor(2005, org.hibernate.type.descriptor.sql.internal.CapacityDependentDdlType@39e3ea78) replaced previous registration(org.hibernate.type.descriptor.sql.internal.DdlTypeImpl@35e689a0)
2025-03-20T10:52:36.830+05:30 DEBUG 30536 --- [MindMeldAssistant] [           main] o.h.t.d.sql.spi.DdlTypeRegistry          : addDescriptor(2011, org.hibernate.type.descriptor.sql.internal.CapacityDependentDdlType@43b6cb1c) replaced previous registration(org.hibernate.type.descriptor.sql.internal.DdlTypeImpl@3bf5911d)
2025-03-20T10:52:36.830+05:30 DEBUG 30536 --- [MindMeldAssistant] [           main] o.h.t.d.jdbc.spi.JdbcTypeRegistry        : addDescriptor(NCharTypeDescriptor) replaced previous registration(CharTypeDescriptor)
2025-03-20T10:52:36.830+05:30 DEBUG 30536 --- [MindMeldAssistant] [           main] o.h.t.d.jdbc.spi.JdbcTypeRegistry        : addDescriptor(NVarcharTypeDescriptor) replaced previous registration(VarcharTypeDescriptor)
2025-03-20T10:52:36.830+05:30 DEBUG 30536 --- [MindMeldAssistant] [           main] o.h.t.d.jdbc.spi.JdbcTypeRegistry        : addDescriptor(LongNVarcharTypeDescriptor) replaced previous registration(LongVarcharTypeDescriptor)
2025-03-20T10:52:36.830+05:30 DEBUG 30536 --- [MindMeldAssistant] [           main] o.h.t.d.jdbc.spi.JdbcTypeRegistry        : addDescriptor(NClobTypeDescriptor(DEFAULT)) replaced previous registration(ClobTypeDescriptor(DEFAULT))
2025-03-20T10:52:36.830+05:30 DEBUG 30536 --- [MindMeldAssistant] [           main] org.hibernate.type.BasicTypeRegistry     : Adding type registration null -> org.hibernate.type.NullType@631944d4
2025-03-20T10:52:36.844+05:30 DEBUG 30536 --- [MindMeldAssistant] [           main] org.hibernate.type.BasicTypeRegistry     : Type registration key [null] overrode previous entry : `org.hibernate.type.NullType@6c0b51da`
2025-03-20T10:52:36.844+05:30 DEBUG 30536 --- [MindMeldAssistant] [l-1 housekeeper] com.zaxxer.hikari.pool.HikariPool        : HikariPool-1 - Pool stats (total=1, active=0, idle=1, waiting=0)
2025-03-20T10:52:36.850+05:30 DEBUG 30536 --- [MindMeldAssistant] [onnection adder] com.zaxxer.hikari.pool.HikariPool        : HikariPool-1 - Added connection com.mysql.cj.jdbc.ConnectionImpl@2c5919d4
2025-03-20T10:52:36.850+05:30 DEBUG 30536 --- [MindMeldAssistant] [           main] org.hibernate.type.BasicTypeRegistry     : Adding type registration org.hibernate.type.DurationType -> basicType@1(java.time.Duration,3015)
2025-03-20T10:52:36.850+05:30 DEBUG 30536 --- [MindMeldAssistant] [           main] org.hibernate.type.BasicTypeRegistry     : Adding type registration Duration -> basicType@1(java.time.Duration,3015)
2025-03-20T10:52:36.850+05:30 DEBUG 30536 --- [MindMeldAssistant] [           main] org.hibernate.type.BasicTypeRegistry     : Adding type registration java.time.Duration -> basicType@1(java.time.Duration,3015)
2025-03-20T10:52:36.850+05:30 DEBUG 30536 --- [MindMeldAssistant] [           main] org.hibernate.type.BasicTypeRegistry     : Adding type registration org.hibernate.type.OffsetDateTimeType -> basicType@2(java.time.OffsetDateTime,3003)
2025-03-20T10:52:36.850+05:30 DEBUG 30536 --- [MindMeldAssistant] [           main] org.hibernate.type.BasicTypeRegistry     : Adding type registration OffsetDateTime -> basicType@2(java.time.OffsetDateTime,3003)
2025-03-20T10:52:36.850+05:30 DEBUG 30536 --- [MindMeldAssistant] [           main] org.hibernate.type.BasicTypeRegistry     : Adding type registration java.time.OffsetDateTime -> basicType@2(java.time.OffsetDateTime,3003)
2025-03-20T10:52:36.850+05:30 DEBUG 30536 --- [MindMeldAssistant] [           main] org.hibernate.type.BasicTypeRegistry     : Adding type registration org.hibernate.type.ZonedDateTimeType -> basicType@3(java.time.ZonedDateTime,3003)
2025-03-20T10:52:36.850+05:30 DEBUG 30536 --- [MindMeldAssistant] [           main] org.hibernate.type.BasicTypeRegistry     : Adding type registration ZonedDateTime -> basicType@3(java.time.ZonedDateTime,3003)
2025-03-20T10:52:36.850+05:30 DEBUG 30536 --- [MindMeldAssistant] [           main] org.hibernate.type.BasicTypeRegistry     : Adding type registration java.time.ZonedDateTime -> basicType@3(java.time.ZonedDateTime,3003)
2025-03-20T10:52:36.850+05:30 DEBUG 30536 --- [MindMeldAssistant] [           main] org.hibernate.type.BasicTypeRegistry     : Adding type registration org.hibernate.type.OffsetTimeType -> basicType@4(java.time.OffsetTime,3007)
2025-03-20T10:52:36.850+05:30 DEBUG 30536 --- [MindMeldAssistant] [           main] org.hibernate.type.BasicTypeRegistry     : Adding type registration OffsetTime -> basicType@4(java.time.OffsetTime,3007)
2025-03-20T10:52:36.850+05:30 DEBUG 30536 --- [MindMeldAssistant] [           main] org.hibernate.type.BasicTypeRegistry     : Adding type registration java.time.OffsetTime -> basicType@4(java.time.OffsetTime,3007)
2025-03-20T10:52:36.850+05:30 DEBUG 30536 --- [MindMeldAssistant] [           main] o.h.type.spi.TypeConfiguration$Scope     : Scoping TypeConfiguration [org.hibernate.type.spi.TypeConfiguration@48af5f38] to MetadataBuildingContext [org.hibernate.boot.internal.MetadataBuildingContextRootImpl@40538370]
2025-03-20T10:52:36.892+05:30 DEBUG 30536 --- [MindMeldAssistant] [onnection adder] com.zaxxer.hikari.pool.HikariPool        : HikariPool-1 - After adding stats (total=2, active=0, idle=2, waiting=0)
2025-03-20T10:52:36.894+05:30 DEBUG 30536 --- [MindMeldAssistant] [           main] o.h.boot.model.relational.Namespace      : Created database namespace [logicalName=Name{catalog=null, schema=null}, physicalName=Name{catalog=null, schema=null}]
2025-03-20T10:52:36.897+05:30 DEBUG 30536 --- [MindMeldAssistant] [onnection adder] com.zaxxer.hikari.pool.HikariPool        : HikariPool-1 - Added connection com.mysql.cj.jdbc.ConnectionImpl@383054ff
2025-03-20T10:52:36.916+05:30 DEBUG 30536 --- [MindMeldAssistant] [           main] o.h.boot.model.internal.EntityBinder     : Binding entity from annotated class: com.mindmeld.assistant.entity.ChatLog
2025-03-20T10:52:36.921+05:30 DEBUG 30536 --- [MindMeldAssistant] [           main] o.h.boot.model.internal.EntityBinder     : Import with entity name chat_logs
2025-03-20T10:52:36.927+05:30 DEBUG 30536 --- [MindMeldAssistant] [           main] o.h.boot.model.internal.EntityBinder     : Bind entity com.mindmeld.assistant.entity.ChatLog on table chat_logs
2025-03-20T10:52:36.932+05:30 DEBUG 30536 --- [MindMeldAssistant] [onnection adder] com.zaxxer.hikari.pool.HikariPool        : HikariPool-1 - After adding stats (total=3, active=0, idle=3, waiting=0)
2025-03-20T10:52:36.936+05:30 DEBUG 30536 --- [MindMeldAssistant] [onnection adder] com.zaxxer.hikari.pool.HikariPool        : HikariPool-1 - Added connection com.mysql.cj.jdbc.ConnectionImpl@40fd643b
2025-03-20T10:52:36.941+05:30 DEBUG 30536 --- [MindMeldAssistant] [           main] o.h.boot.model.internal.AnnotatedColumn  : Binding column: AnnotatedDiscriminatorColumn(column='DTYPE')
2025-03-20T10:52:36.961+05:30 DEBUG 30536 --- [MindMeldAssistant] [           main] o.h.boot.model.internal.AnnotatedColumn  : Binding column: AnnotatedColumn()
2025-03-20T10:52:36.961+05:30 DEBUG 30536 --- [MindMeldAssistant] [           main] o.h.boot.internal.ClassLoaderAccessImpl  : Not known whether passed class name [com.mindmeld.assistant.entity.ChatLog] is safe
2025-03-20T10:52:36.961+05:30 DEBUG 30536 --- [MindMeldAssistant] [           main] o.h.boot.internal.ClassLoaderAccessImpl  : No temp ClassLoader provided; using live ClassLoader for loading potentially unsafe class : com.mindmeld.assistant.entity.ChatLog
2025-03-20T10:52:36.961+05:30 DEBUG 30536 --- [MindMeldAssistant] [           main] o.h.boot.model.internal.PropertyBinder   : MetadataSourceProcessor property id with lazy=false
2025-03-20T10:52:36.976+05:30 DEBUG 30536 --- [MindMeldAssistant] [onnection adder] com.zaxxer.hikari.pool.HikariPool        : HikariPool-1 - After adding stats (total=4, active=0, idle=4, waiting=0)
2025-03-20T10:52:36.978+05:30 DEBUG 30536 --- [MindMeldAssistant] [           main] o.h.b.m.internal.AbstractPropertyHolder  : Attempting to locate auto-apply AttributeConverter for property [com.mindmeld.assistant.entity.ChatLog:id]
2025-03-20T10:52:36.980+05:30 DEBUG 30536 --- [MindMeldAssistant] [onnection adder] com.zaxxer.hikari.pool.HikariPool        : HikariPool-1 - Added connection com.mysql.cj.jdbc.ConnectionImpl@3766c65a
2025-03-20T10:52:36.984+05:30 DEBUG 30536 --- [MindMeldAssistant] [           main] o.h.b.model.internal.BasicValueBinder    : building BasicValue for id
2025-03-20T10:52:36.986+05:30 DEBUG 30536 --- [MindMeldAssistant] [           main] org.hibernate.mapping.BasicValue         : Skipping column re-registration: chat_logs.id
2025-03-20T10:52:36.987+05:30 DEBUG 30536 --- [MindMeldAssistant] [           main] o.h.boot.model.internal.PropertyBinder   : Building property id
2025-03-20T10:52:36.990+05:30 DEBUG 30536 --- [MindMeldAssistant] [           main] o.h.boot.model.internal.BinderHelper     : #makeIdGenerator(BasicValue([Column(id)]), id, org.hibernate.id.enhanced.SequenceStyleGenerator, , ...)
2025-03-20T10:52:36.990+05:30 DEBUG 30536 --- [MindMeldAssistant] [           main] o.h.boot.model.internal.AnnotatedColumn  : Binding column: AnnotatedColumn()
2025-03-20T10:52:36.991+05:30 DEBUG 30536 --- [MindMeldAssistant] [           main] o.h.boot.model.internal.PropertyBinder   : MetadataSourceProcessor property message with lazy=false
[...]
      Matched:
         - @ConditionalOnClass found required classes 'javax.sql.DataSource', 'jakarta.transaction.TransactionManager', 'org.springframework.jdbc.datasource.embedded.EmbeddedDatabaseType' (OnClassCondition)


Exclusions:
-----------

    None


Unconditional classes:
----------------------

    org.springframework.boot.autoconfigure.context.ConfigurationPropertiesAutoConfiguration

    org.springframework.boot.autoconfigure.ssl.SslAutoConfiguration

    org.springframework.boot.autoconfigure.context.LifecycleAutoConfiguration

    org.springframework.boot.autoconfigure.context.PropertyPlaceholderAutoConfiguration

    org.springframework.boot.autoconfigure.availability.ApplicationAvailabilityAutoConfiguration

    org.springframework.boot.autoconfigure.info.ProjectInfoAutoConfiguration



2025-03-20T10:52:39.789+05:30  INFO 30536 --- [MindMeldAssistant] [           main] c.m.a.MindMeldAssistantApplicationTests  : Started MindMeldAssistantApplicationTests in 6.288 seconds (process running for 9.065)
2025-03-20T10:52:39.794+05:30 DEBUG 30536 --- [MindMeldAssistant] [           main] o.s.b.a.ApplicationAvailabilityBean      : Application availability state LivenessState changed to CORRECT
2025-03-20T10:52:39.799+05:30 DEBUG 30536 --- [MindMeldAssistant] [           main] o.s.b.a.ApplicationAvailabilityBean      : Application availability state ReadinessState changed to ACCEPTING_TRAFFIC
2025-03-20T10:52:39.803+05:30 DEBUG 30536 --- [MindMeldAssistant] [           main] org.springframework.test.context.cache   : Spring test ApplicationContext cache statistics: [DefaultContextCache@259f0fdb size = 1, maxSize = 32, parentContextCount = 0, hitCount = 0, missCount = 1, failureCount = 0]
2025-03-20T10:52:39.804+05:30 DEBUG 30536 --- [MindMeldAssistant] [           main] o.s.t.c.w.ServletTestExecutionListener   : Setting up MockHttpServletRequest, MockHttpServletResponse, ServletWebRequest, and RequestContextHolder for test class com.mindmeld.assistant.MindMeldAssistantApplicationTests
2025-03-20T10:52:39.823+05:30 DEBUG 30536 --- [MindMeldAssistant] [           main] DependencyInjectionTestExecutionListener : Performing dependency injection for test class com.mindmeld.assistant.MindMeldAssistantApplicationTests
2025-03-20T10:52:39.823+05:30 DEBUG 30536 --- [MindMeldAssistant] [           main] org.springframework.test.context.cache   : Spring test ApplicationContext cache statistics: [DefaultContextCache@259f0fdb size = 1, maxSize = 32, parentContextCount = 0, hitCount = 1, missCount = 1, failureCount = 0]
2025-03-20T10:52:39.826+05:30 DEBUG 30536 --- [MindMeldAssistant] [           main] org.springframework.test.context.cache   : Spring test ApplicationContext cache statistics: [DefaultContextCache@259f0fdb size = 1, maxSize = 32, parentContextCount = 0, hitCount = 2, missCount = 1, failureCount = 0]
2025-03-20T10:52:39.836+05:30 DEBUG 30536 --- [MindMeldAssistant] [           main] sContextBeforeModesTestExecutionListener : Before test method: class [MindMeldAssistantApplicationTests], method [contextLoads], class annotated with @DirtiesContext [false] with mode [null], method annotated with @DirtiesContext [false] with mode [null]
2025-03-20T10:52:39.839+05:30 DEBUG 30536 --- [MindMeldAssistant] [           main] org.springframework.test.context.cache   : Spring test ApplicationContext cache statistics: [DefaultContextCache@259f0fdb size = 1, maxSize = 32, parentContextCount = 0, hitCount = 3, missCount = 1, failureCount = 0]
2025-03-20T10:52:39.841+05:30 DEBUG 30536 --- [MindMeldAssistant] [           main] org.springframework.test.context.cache   : Spring test ApplicationContext cache statistics: [DefaultContextCache@259f0fdb size = 1, maxSize = 32, parentContextCount = 0, hitCount = 4, missCount = 1, failureCount = 0]
2025-03-20T10:52:39.939+05:30 DEBUG 30536 --- [MindMeldAssistant] [           main] java.lang.ProcessBuilder                 : ProcessBuilder.start(): pid: 12568, dir: null, cmd: "C:\Program Files\Java\jdk-23\bin\java.exe"

java.lang.RuntimeException: ProcessBuilder.start() debug
	at java.base/java.lang.ProcessBuilder.start(ProcessBuilder.java:1147) ~[na:na]
	at java.base/java.lang.ProcessBuilder.start(ProcessBuilder.java:1089) ~[na:na]
	at net.bytebuddy.agent.ByteBuddyAgent.installExternal(ByteBuddyAgent.java:673) ~[byte-buddy-agent-1.15.11.jar:na]
	at net.bytebuddy.agent.ByteBuddyAgent.install(ByteBuddyAgent.java:604) ~[byte-buddy-agent-1.15.11.jar:na]
	at net.bytebuddy.agent.ByteBuddyAgent.install(ByteBuddyAgent.java:584) ~[byte-buddy-agent-1.15.11.jar:na]
	at net.bytebuddy.agent.ByteBuddyAgent.install(ByteBuddyAgent.java:536) ~[byte-buddy-agent-1.15.11.jar:na]
	at net.bytebuddy.agent.ByteBuddyAgent.install(ByteBuddyAgent.java:513) ~[byte-buddy-agent-1.15.11.jar:na]
	at org.mockito.internal.PremainAttachAccess.getInstrumentation(PremainAttachAccess.java:49) ~[mockito-core-5.14.2.jar:na]
	at org.mockito.internal.creation.bytebuddy.InlineDelegateByteBuddyMockMaker.<clinit>(InlineDelegateByteBuddyMockMaker.java:138) ~[mockito-core-5.14.2.jar:na]
	at org.mockito.internal.creation.bytebuddy.InlineByteBuddyMockMaker.<init>(InlineByteBuddyMockMaker.java:23) ~[mockito-core-5.14.2.jar:na]
	at java.base/jdk.internal.reflect.DirectConstructorHandleAccessor.newInstance(DirectConstructorHandleAccessor.java:62) ~[na:na]
	at java.base/java.lang.reflect.Constructor.newInstanceWithCaller(Constructor.java:501) ~[na:na]
	at java.base/java.lang.reflect.Constructor.newInstance(Constructor.java:485) ~[na:na]
	at org.mockito.internal.configuration.plugins.DefaultMockitoPlugins.create(DefaultMockitoPlugins.java:103) ~[mockito-core-5.14.2.jar:na]
	at org.mockito.internal.configuration.plugins.DefaultMockitoPlugins.getDefaultPlugin(DefaultMockitoPlugins.java:79) ~[mockito-core-5.14.2.jar:na]
	at org.mockito.internal.configuration.plugins.PluginLoader.loadPlugin(PluginLoader.java:75) ~[mockito-core-5.14.2.jar:na]
	at org.mockito.internal.configuration.plugins.PluginLoader.loadPlugin(PluginLoader.java:49) ~[mockito-core-5.14.2.jar:na]
	at org.mockito.internal.configuration.plugins.PluginRegistry.<init>(PluginRegistry.java:29) ~[mockito-core-5.14.2.jar:na]
	at org.mockito.internal.configuration.plugins.Plugins.<clinit>(Plugins.java:26) ~[mockito-core-5.14.2.jar:na]
	at org.mockito.internal.MockitoCore.<clinit>(MockitoCore.java:71) ~[mockito-core-5.14.2.jar:na]
	at org.mockito.Mockito.<clinit>(Mockito.java:1741) ~[mockito-core-5.14.2.jar:na]
	at org.springframework.boot.test.mock.mockito.MockReset.get(MockReset.java:109) ~[spring-boot-test-3.4.3.jar:3.4.3]
	at org.springframework.boot.test.mock.mockito.ResetMocksTestExecutionListener.resetMocks(ResetMocksTestExecutionListener.java:89) ~[spring-boot-test-3.4.3.jar:3.4.3]
	at org.springframework.boot.test.mock.mockito.ResetMocksTestExecutionListener.resetMocks(ResetMocksTestExecutionListener.java:77) ~[spring-boot-test-3.4.3.jar:3.4.3]
	at org.springframework.boot.test.mock.mockito.ResetMocksTestExecutionListener.beforeTestMethod(ResetMocksTestExecutionListener.java:64) ~[spring-boot-test-3.4.3.jar:3.4.3]
	at org.springframework.test.context.TestContextManager.beforeTestMethod(TestContextManager.java:320) ~[spring-test-6.2.3.jar:6.2.3]
	at org.springframework.test.context.junit.jupiter.SpringExtension.beforeEach(SpringExtension.java:237) ~[spring-test-6.2.3.jar:6.2.3]
	at org.junit.jupiter.engine.descriptor.TestMethodTestDescriptor.lambda$invokeBeforeEachCallbacks$3(TestMethodTestDescriptor.java:166) ~[junit-jupiter-engine-5.11.4.jar:5.11.4]
	at org.junit.jupiter.engine.descriptor.TestMethodTestDescriptor.lambda$invokeBeforeMethodsOrCallbacksUntilExceptionOccurs$7(TestMethodTestDescriptor.java:202) ~[junit-jupiter-engine-5.11.4.jar:5.11.4]
	at org.junit.platform.engine.support.hierarchical.ThrowableCollector.execute(ThrowableCollector.java:73) ~[junit-platform-engine-1.11.4.jar:1.11.4]
	at org.junit.jupiter.engine.descriptor.TestMethodTestDescriptor.invokeBeforeMethodsOrCallbacksUntilExceptionOccurs(TestMethodTestDescriptor.java:202) ~[junit-jupiter-engine-5.11.4.jar:5.11.4]
	at org.junit.jupiter.engine.descriptor.TestMethodTestDescriptor.invokeBeforeEachCallbacks(TestMethodTestDescriptor.java:165) ~[junit-jupiter-engine-5.11.4.jar:5.11.4]
	at org.junit.jupiter.engine.descriptor.TestMethodTestDescriptor.execute(TestMethodTestDescriptor.java:132) ~[junit-jupiter-engine-5.11.4.jar:5.11.4]
	at org.junit.jupiter.engine.descriptor.TestMethodTestDescriptor.execute(TestMethodTestDescriptor.java:68) ~[junit-jupiter-engine-5.11.4.jar:5.11.4]
	at org.junit.platform.engine.support.hierarchical.NodeTestTask.lambda$executeRecursively$6(NodeTestTask.java:156) ~[junit-platform-engine-1.11.4.jar:1.11.4]
	at org.junit.platform.engine.support.hierarchical.ThrowableCollector.execute(ThrowableCollector.java:73) ~[junit-platform-engine-1.11.4.jar:1.11.4]
	at org.junit.platform.engine.support.hierarchical.NodeTestTask.lambda$executeRecursively$8(NodeTestTask.java:146) ~[junit-platform-engine-1.11.4.jar:1.11.4]
	at org.junit.platform.engine.support.hierarchical.Node.around(Node.java:137) ~[junit-platform-engine-1.11.4.jar:1.11.4]
	at org.junit.platform.engine.support.hierarchical.NodeTestTask.lambda$executeRecursively$9(NodeTestTask.java:144) ~[junit-platform-engine-1.11.4.jar:1.11.4]
	at org.junit.platform.engine.support.hierarchical.ThrowableCollector.execute(ThrowableCollector.java:73) ~[junit-platform-engine-1.11.4.jar:1.11.4]
	at org.junit.platform.engine.support.hierarchical.NodeTestTask.executeRecursively(NodeTestTask.java:143) ~[junit-platform-engine-1.11.4.jar:1.11.4]
	at org.junit.platform.engine.support.hierarchical.NodeTestTask.execute(NodeTestTask.java:100) ~[junit-platform-engine-1.11.4.jar:1.11.4]
	at java.base/java.util.ArrayList.forEach(ArrayList.java:1597) ~[na:na]
	at org.junit.platform.engine.support.hierarchical.SameThreadHierarchicalTestExecutorService.invokeAll(SameThreadHierarchicalTestExecutorService.java:41) ~[junit-platform-engine-1.11.4.jar:1.11.4]
	at org.junit.platform.engine.support.hierarchical.NodeTestTask.lambda$executeRecursively$6(NodeTestTask.java:160) ~[junit-platform-engine-1.11.4.jar:1.11.4]
	at org.junit.platform.engine.support.hierarchical.ThrowableCollector.execute(ThrowableCollector.java:73) ~[junit-platform-engine-1.11.4.jar:1.11.4]
	at org.junit.platform.engine.support.hierarchical.NodeTestTask.lambda$executeRecursively$8(NodeTestTask.java:146) ~[junit-platform-engine-1.11.4.jar:1.11.4]
	at org.junit.platform.engine.support.hierarchical.Node.around(Node.java:137) ~[junit-platform-engine-1.11.4.jar:1.11.4]
	at org.junit.platform.engine.support.hierarchical.NodeTestTask.lambda$executeRecursively$9(NodeTestTask.java:144) ~[junit-platform-engine-1.11.4.jar:1.11.4]
	at org.junit.platform.engine.support.hierarchical.ThrowableCollector.execute(ThrowableCollector.java:73) ~[junit-platform-engine-1.11.4.jar:1.11.4]
	at org.junit.platform.engine.support.hierarchical.NodeTestTask.executeRecursively(NodeTestTask.java:143) ~[junit-platform-engine-1.11.4.jar:1.11.4]
	at org.junit.platform.engine.support.hierarchical.NodeTestTask.execute(NodeTestTask.java:100) ~[junit-platform-engine-1.11.4.jar:1.11.4]
	at java.base/java.util.ArrayList.forEach(ArrayList.java:1597) ~[na:na]
	at org.junit.platform.engine.support.hierarchical.SameThreadHierarchicalTestExecutorService.invokeAll(SameThreadHierarchicalTestExecutorService.java:41) ~[junit-platform-engine-1.11.4.jar:1.11.4]
	at org.junit.platform.engine.support.hierarchical.NodeTestTask.lambda$executeRecursively$6(NodeTestTask.java:160) ~[junit-platform-engine-1.11.4.jar:1.11.4]
	at org.junit.platform.engine.support.hierarchical.ThrowableCollector.execute(ThrowableCollector.java:73) ~[junit-platform-engine-1.11.4.jar:1.11.4]
	at org.junit.platform.engine.support.hierarchical.NodeTestTask.lambda$executeRecursively$8(NodeTestTask.java:146) ~[junit-platform-engine-1.11.4.jar:1.11.4]
	at org.junit.platform.engine.support.hierarchical.Node.around(Node.java:137) ~[junit-platform-engine-1.11.4.jar:1.11.4]
	at org.junit.platform.engine.support.hierarchical.NodeTestTask.lambda$executeRecursively$9(NodeTestTask.java:144) ~[junit-platform-engine-1.11.4.jar:1.11.4]
	at org.junit.platform.engine.support.hierarchical.ThrowableCollector.execute(ThrowableCollector.java:73) ~[junit-platform-engine-1.11.4.jar:1.11.4]
	at org.junit.platform.engine.support.hierarchical.NodeTestTask.executeRecursively(NodeTestTask.java:143) ~[junit-platform-engine-1.11.4.jar:1.11.4]
	at org.junit.platform.engine.support.hierarchical.NodeTestTask.execute(NodeTestTask.java:100) ~[junit-platform-engine-1.11.4.jar:1.11.4]
	at org.junit.platform.engine.support.hierarchical.SameThreadHierarchicalTestExecutorService.submit(SameThreadHierarchicalTestExecutorService.java:35) ~[junit-platform-engine-1.11.4.jar:1.11.4]
	at org.junit.platform.engine.support.hierarchical.HierarchicalTestExecutor.execute(HierarchicalTestExecutor.java:57) ~[junit-platform-engine-1.11.4.jar:1.11.4]
	at org.junit.platform.engine.support.hierarchical.HierarchicalTestEngine.execute(HierarchicalTestEngine.java:54) ~[junit-platform-engine-1.11.4.jar:1.11.4]
	at org.junit.platform.launcher.core.EngineExecutionOrchestrator.execute(EngineExecutionOrchestrator.java:198) ~[junit-platform-launcher-1.11.4.jar:1.11.4]
	at org.junit.platform.launcher.core.EngineExecutionOrchestrator.execute(EngineExecutionOrchestrator.java:169) ~[junit-platform-launcher-1.11.4.jar:1.11.4]
	at org.junit.platform.launcher.core.EngineExecutionOrchestrator.execute(EngineExecutionOrchestrator.java:93) ~[junit-platform-launcher-1.11.4.jar:1.11.4]
	at org.junit.platform.launcher.core.EngineExecutionOrchestrator.lambda$execute$0(EngineExecutionOrchestrator.java:58) ~[junit-platform-launcher-1.11.4.jar:1.11.4]
	at org.junit.platform.launcher.core.EngineExecutionOrchestrator.withInterceptedStreams(EngineExecutionOrchestrator.java:141) ~[junit-platform-launcher-1.11.4.jar:1.11.4]
	at org.junit.platform.launcher.core.EngineExecutionOrchestrator.execute(EngineExecutionOrchestrator.java:57) ~[junit-platform-launcher-1.11.4.jar:1.11.4]
	at org.junit.platform.launcher.core.DefaultLauncher.execute(DefaultLauncher.java:103) ~[junit-platform-launcher-1.11.4.jar:1.11.4]
	at org.junit.platform.launcher.core.DefaultLauncher.execute(DefaultLauncher.java:85) ~[junit-platform-launcher-1.11.4.jar:1.11.4]
	at org.junit.platform.launcher.core.DelegatingLauncher.execute(DelegatingLauncher.java:47) ~[junit-platform-launcher-1.11.4.jar:1.11.4]
	at org.apache.maven.surefire.junitplatform.LazyLauncher.execute(LazyLauncher.java:56) ~[surefire-junit-platform-3.5.2.jar:3.5.2]
	at org.apache.maven.surefire.junitplatform.JUnitPlatformProvider.execute(JUnitPlatformProvider.java:184) ~[surefire-junit-platform-3.5.2.jar:3.5.2]
	at org.apache.maven.surefire.junitplatform.JUnitPlatformProvider.invokeAllTests(JUnitPlatformProvider.java:148) ~[surefire-junit-platform-3.5.2.jar:3.5.2]
	at org.apache.maven.surefire.junitplatform.JUnitPlatformProvider.invoke(JUnitPlatformProvider.java:122) ~[surefire-junit-platform-3.5.2.jar:3.5.2]
	at org.apache.maven.surefire.booter.ForkedBooter.runSuitesInProcess(ForkedBooter.java:385) ~[surefire-booter-3.5.2.jar:3.5.2]
	at org.apache.maven.surefire.booter.ForkedBooter.execute(ForkedBooter.java:162) ~[surefire-booter-3.5.2.jar:3.5.2]
	at org.apache.maven.surefire.booter.ForkedBooter.run(ForkedBooter.java:507) ~[surefire-booter-3.5.2.jar:3.5.2]
	at org.apache.maven.surefire.booter.ForkedBooter.main(ForkedBooter.java:495) ~[surefire-booter-3.5.2.jar:3.5.2]

2025-03-20T10:52:40.527+05:30 DEBUG 30536 --- [MindMeldAssistant] [           main] org.springframework.test.context.cache   : Spring test ApplicationContext cache statistics: [DefaultContextCache@259f0fdb size = 1, maxSize = 32, parentContextCount = 0, hitCount = 5, missCount = 1, failureCount = 0]
2025-03-20T10:52:40.527+05:30 DEBUG 30536 --- [MindMeldAssistant] [           main] org.springframework.test.context.cache   : Spring test ApplicationContext cache statistics: [DefaultContextCache@259f0fdb size = 1, maxSize = 32, parentContextCount = 0, hitCount = 6, missCount = 1, failureCount = 0]
2025-03-20T10:52:40.542+05:30 DEBUG 30536 --- [MindMeldAssistant] [           main] org.springframework.test.context.cache   : Spring test ApplicationContext cache statistics: [DefaultContextCache@259f0fdb size = 1, maxSize = 32, parentContextCount = 0, hitCount = 7, missCount = 1, failureCount = 0]
2025-03-20T10:52:40.542+05:30 DEBUG 30536 --- [MindMeldAssistant] [           main] org.springframework.test.context.cache   : Spring test ApplicationContext cache statistics: [DefaultContextCache@259f0fdb size = 1, maxSize = 32, parentContextCount = 0, hitCount = 8, missCount = 1, failureCount = 0]
2025-03-20T10:52:40.542+05:30 DEBUG 30536 --- [MindMeldAssistant] [           main] org.springframework.test.context.cache   : Spring test ApplicationContext cache statistics: [DefaultContextCache@259f0fdb size = 1, maxSize = 32, parentContextCount = 0, hitCount = 9, missCount = 1, failureCount = 0]
2025-03-20T10:52:40.542+05:30 DEBUG 30536 --- [MindMeldAssistant] [           main] org.springframework.test.context.cache   : Spring test ApplicationContext cache statistics: [DefaultContextCache@259f0fdb size = 1, maxSize = 32, parentContextCount = 0, hitCount = 10, missCount = 1, failureCount = 0]
2025-03-20T10:52:40.542+05:30 DEBUG 30536 --- [MindMeldAssistant] [           main] org.springframework.test.context.cache   : Spring test ApplicationContext cache statistics: [DefaultContextCache@259f0fdb size = 1, maxSize = 32, parentContextCount = 0, hitCount = 11, missCount = 1, failureCount = 0]
2025-03-20T10:52:40.542+05:30 DEBUG 30536 --- [MindMeldAssistant] [           main] org.springframework.test.context.cache   : Spring test ApplicationContext cache statistics: [DefaultContextCache@259f0fdb size = 1, maxSize = 32, parentContextCount = 0, hitCount = 12, missCount = 1, failureCount = 0]
2025-03-20T10:52:40.542+05:30 DEBUG 30536 --- [MindMeldAssistant] [           main] org.springframework.test.context.cache   : Spring test ApplicationContext cache statistics: [DefaultContextCache@259f0fdb size = 1, maxSize = 32, parentContextCount = 0, hitCount = 13, missCount = 1, failureCount = 0]
2025-03-20T10:52:40.542+05:30 DEBUG 30536 --- [MindMeldAssistant] [           main] org.springframework.test.context.cache   : Spring test ApplicationContext cache statistics: [DefaultContextCache@259f0fdb size = 1, maxSize = 32, parentContextCount = 0, hitCount = 14, missCount = 1, failureCount = 0]
2025-03-20T10:52:40.542+05:30 DEBUG 30536 --- [MindMeldAssistant] [           main] .c.s.DirtiesContextTestExecutionListener : After test method: class [MindMeldAssistantApplicationTests], method [contextLoads], class annotated with @DirtiesContext [false] with mode [null], method annotated with @DirtiesContext [false] with mode [null]
2025-03-20T10:52:40.542+05:30 DEBUG 30536 --- [MindMeldAssistant] [           main] o.s.t.c.w.ServletTestExecutionListener   : Resetting RequestContextHolder for test class com.mindmeld.assistant.MindMeldAssistantApplicationTests
]]></system-out>
    <system-err><![CDATA[Mockito is currently self-attaching to enable the inline-mock-maker. This will no longer work in future releases of the JDK. Please add Mockito as an agent to your build what is described in Mockito's documentation: https://javadoc.io/doc/org.mockito/mockito-core/latest/org/mockito/Mockito.html#0.3
WARNING: A Java agent has been loaded dynamically (C:\Users\Ashwin Yadav\.m2\repository\net\bytebuddy\byte-buddy-agent\1.15.11\byte-buddy-agent-1.15.11.jar)
WARNING: If a serviceability tool is in use, please run with -XX:+EnableDynamicAgentLoading to hide this warning
WARNING: If a serviceability tool is not in use, please run with -Djdk.instrument.traceUsage for more information
WARNING: Dynamic loading of agents will be disallowed by default in a future release
]]></system-err>
  </testcase>
</testsuite>